<env:Envelope xmlns:env="http://schemas.xmlsoap.org/soap/envelope/"
	xmlns:wsa="http://www.w3.org/2005/08/addressing">
	<env:Header>
		<serviceContext xmlns:xsi="http://www.w3.org/2001/XMLSchema-instance"
			xmlns:h="http://servicecontext.ntpsoa.nordea.com/object"
			schemaVersion="1.0" xmlns="http://servicecontext.ntpsoa.nordea.com/object">
			<h:userId>NXUPCL</h:userId>
			<h:technicalUserId></h:technicalUserId>
			<h:sessionId>e1f49827-c8c8-4209-9ba2-14cc30dffdee</h:sessionId>
			<h:requestId></h:requestId>
			<h:applicationId>NXUPCL</h:applicationId>
			<h:channelId>BRANCH</h:channelId>
			<h:clientType>JPF</h:clientType>
			<h:clientComponent>UploadClient</h:clientComponent>
			<h:clientComponentVersion>1.0</h:clientComponentVersion>
			<h:clientAction>sendDocument</h:clientAction>
			<h:clientView></h:clientView>
			<h:processInstance></h:processInstance>
			<h:authMethod>NINAA</h:authMethod>
			<h:officeMode>OFFICE</h:officeMode>
			<h:userLocation></h:userLocation>
			<h:branch>2427</h:branch>
			<h:customer>4621659753</h:customer>
			<h:employee>G93283</h:employee>
			<h:requestDomain>DK</h:requestDomain>
			<h:messageTimeStamp>2015-10-21T14:45:59</h:messageTimeStamp>
			<h:auditCategory></h:auditCategory>
			<h:test>true</h:test>
			<h:testParams xsi:nil="true" />
			<h:accountingUnit>1050002107</h:accountingUnit>
		</serviceContext>
		<wsa:To>http://10.139.16.24:8080/documentbox/callback/services/nds
		</wsa:To>
		<wsa:Action>reportEvent</wsa:Action>
		<wsa:MessageID>urn:4699222077F211E5BFA24D0D93D360F5</wsa:MessageID>
		<wsa:RelatesTo>urn:4699222077F211E5BFA24D0D93D360F5</wsa:RelatesTo>
		<wsa:ReplyTo>
			<wsa:Address>http://www.w3.org/2005/08/addressing/anonymous
			</wsa:Address>
			<wsa:ReferenceParameters>
				<instra:tracking.ecid xmlns:instra="http://xmlns.oracle.com/sca/tracking/1.0">7224a10e6b00a650:-65267903:1507f744ce8:-8000-000000000004ac7c
				</instra:tracking.ecid>
				<instra:tracking.conversationId
					xmlns:instra="http://xmlns.oracle.com/sca/tracking/1.0">urn:4699222077F211E5BFA24D0D93D360F5
				</instra:tracking.conversationId>
				<instra:tracking.parentComponentInstanceId
					xmlns:instra="http://xmlns.oracle.com/sca/tracking/1.0">reference:6001105
				</instra:tracking.parentComponentInstanceId>
				<instra:tracking.compositeInstanceCreatedTime
					xmlns:instra="http://xmlns.oracle.com/sca/tracking/1.0">2015-10-21T14:46:00.520+02:00
				</instra:tracking.compositeInstanceCreatedTime>
			</wsa:ReferenceParameters>
		</wsa:ReplyTo>
	</env:Header>
	<env:Body>
		<reportEventRequest
			xmlns:soehs="http://digitalsigning.ntp.nordea.com/signordereventhandler/service/v2"
			xmlns="http://digitalsigning.ntp.nordea.com/signordereventhandler/service/v2">
			<eventOccured xmlns="">2015-10-21T14:50:09.9331231+02:00
			</eventOccured>
			<eventReported xmlns="">2015-10-21T14:50:08.696309
			</eventReported>
			<documentURI xmlns="">http://archivesrest.site.midas.root4.net:7501/archives/rest/1.0/read/find/content?genDocumentKey=NBAgSDDK1l58nhhq3m08c&amp;entity=CustomerDokDK
			</documentURI>
			<event xmlns="">order.signed</event>
			<recipientList xmlns="">
				<recipient>
					<nationalPersonId>0505550673</nationalPersonId>
					<countryCode>DK</countryCode>
				</recipient>
			</recipientList>
			<sdo xmlns="">PD94bWwgdmVyc2lvbj0iMS4wIiBlbmNvZGluZz0iVVRGLTgiPz4KPFNET0xpc3QgeG1sbnM9Imh0dHA6Ly93d3cubnB0Lm5vL3NlaWQveG1sc2tqZW1hL1NET192MS4wIiB4bWxuczpYQWRFUz0iaHR0cDovL3VyaS5ldHNpLm9yZy8wMTkwMy92MS4yLjIjIiB4bWxuczpkcz0iaHR0cDovL3d3dy53My5vcmcvMjAwMC8wOS94bWxkc2lnIyIgeG1sbnM6eHNpPSJodHRwOi8vd3d3LnczLm9yZy8yMDAxL1hNTFNjaGVtYS1pbnN0YW5jZSI+PFNETz48U0VJRFNET1ZlcnNpb24+MS4wPC9TRUlEU0RPVmVyc2lvbj48U0RPRGF0YVBhcnQ+PFNpZ25hdHVyZUVsZW1lbnQ+PFhBZEVTU2lnbmF0dXJlRWxlbWVudD48WEFkRVNTaWduYXR1cmU+PFhBZEVTOlJldm9jYXRpb25WYWx1ZXM+PFhBZEVTOk9DU1BWYWx1ZXM+PFhBZEVTOkVuY2Fwc3VsYXRlZE9DU1BWYWx1ZT5NSUlHNGpDQnVhSVdCQlJPSEpLNDdRNFBJMzB5d1IwaTRSMDF5SHdFc0JnUE1qQXhOVEV3TWpFeE1qVXdNRFJhTUdjd1pUQTlNQWtHQlNzT0F3SWFCUUFFRktYakEwN2lheHdOcXBSWGs4YWVXSEh0V3Qwb0JCVE1BbFVNNUlGMHJ5QlUxUkVVVjV5UlVqaC9vQUlFVXhBQjNZQUFHQTh5TURFMU1UQXlNVEV5TXpBeU5WcWdFUmdQTWpBeE5URXdNakl3TURVd01EUmFvU1V3SXpBaEJna3JCZ0VGQlFjd0FRSUVGR3F2QlduZTh4b3lKR2FlVjJmQzdJQVdnZVFJTUFzR0NTcUdTSWIzRFFFQkN3T0NBUUVBSXJIdU93Rk1QZDBWdWtpUWNjc2o3bGtSN1FVQmhNVThKQldLT2ZmMVhDMUxJM3U5dXR5Zm9MWjI4UEljUlRIQjVDanpMcTlWc3NvaW5aQ1dEQ0hOMFpEbjZIdTNtS2gxZ2dYRjY1cGNUZ2o2NFRCbUtGZ0ZpdjR4NThwS2lNTXg4K0JYWmFrUWJBYTJHQTh6ZVQ3dFFoTGtRVEtNTk9ZNjNDK3IzNVEycWJvOUN4TkRyc2FmWk1SMVdEYjR4Q0g4c2xWSHozeGQzbjVBNXU1YmZjVkNWRmZ1aUwyZ245dXBvV1VHaWxZdUs4L1ExL085c21mVktwK3BtcThPSG9GTHhacFVlM0NxL3hWWGQ3QUdjdU4veUxvWFZPVzJQZHZ2U0FFL2w0cWxXeWJneXphNldxam5mVEp4V1VmU3JaMGlrTi95NmdobUZTaC9uY1FCM1pZK0NxQ0NCUkF3Z2dVTU1JSUZDRENDQS9DZ0F3SUJBZ0lFVXhBLzRqQU5CZ2txaGtpRzl3MEJBUXNGQURCSE1Rc3dDUVlEVlFRR0V3SkVTekVTTUJBR0ExVUVDZ3dKVkZKVlUxUXlOREE0TVNRd0lnWURWUVFEREJ0VVVsVlRWREkwTURnZ1UzbHpkR1Z0ZEdWemRDQllTVmdnUTBFd0hoY05NVFV4TURJeE1EWXlPVEV3V2hjTk1UVXhNREkwTURZeU9UQXpXakNCbHpFTE1Ba0dBMVVFQmhNQ1JFc3hJakFnQmdOVkJBb01HVVJCVGtsRUlFRXZVeUF2THlCRFZsSTZNekE0TURnME5qQXhaREF0QmdOVkJBVVRKa05XVWpvek1EZ3dPRFEyTUMxVlNVUTZUME5UVURBeUxWTlpVMVJGVFZSRlUxUXRXRWxZTURNR0ExVUVBd3dzUkVGT1NVUWdRUzlUSUMwZ1UzbHpkR1Z0ZEdWemRDQllTVmdnVDBOVFVDQlNaWE53YjI1a1pYSWdNREl3Z2dFaU1BMEdDU3FHU0liM0RRRUJBUVVBQTRJQkR3QXdnZ0VLQW9JQkFRRDZDNExHOVFGb1VaZUU2MXVJREhHQ2R0VEswTk45K3ZoUnN6SG9zSU1hQ2IwL1BaUXNXRExpKzZNTjFxTE5Pa3ZnWUhLclh2WUcydGk5c05iZUdWVWtXZ2dBSTZTeXpQZWpGREFhSmcyOVpocUlEa3FwdGpLSC9iVDlGL1ZZVExhNW5WYlJDSTlNRVoyaXVZSzVDMkxEU3cyNnRZbmhONXFRWHRBbGhmcXZJYW9CSVhUb3NUQXgzbE1pek9nWk9UVTZwVTY0TThpOXdHR0tIL3cvaGRqbE9GNnlJUlFxYU1VdUZpUG5EQ0NZL1AxdytHTjByTk9OUkZWTW9qTHh3ZzEyUXRIaDNacGxidmpDdldMS1FDdC9JNU84eklCTEhTcEwrb042SnhMd3VGQThsaHNTUnh3YVVQbE5WU1lpYm1FTnVtZzZYUlVMNllETmYzcVFSbmtyQWdNQkFBR2pnZ0dwTUlJQnBUQU9CZ05WSFE4QkFmOEVCQU1DQjRBd0R3WUpLd1lCQlFVSE1BRUZCQUlGQURBVEJnTlZIU1VFRERBS0JnZ3JCZ0VGQlFjRENUQ0NBU0FHQTFVZElBU0NBUmN3Z2dFVE1JSUJEd1lOS3dZQkJBR0I5RkVDQkFZREJEQ0IvVEF2QmdnckJnRUZCUWNDQVJZamFIUjBjRG92TDNkM2R5NTBjblZ6ZERJME1EZ3VZMjl0TDNKbGNHOXphWFJ2Y25rd2dja0dDQ3NHQVFVRkJ3SUNNSUc4TUF3V0JVUmhia2xFTUFNQ0FRRWFnYXRFWVc1SlJDQjBaWE4wSUdObGNuUnBabWxyWVhSbGNpQm1jbUVnWkdWdWJtVWdRMEVnZFdSemRHVmtaWE1nZFc1a1pYSWdUMGxFSURFdU15NDJMakV1TkM0eExqTXhNekV6TGpJdU5DNDJMak11TkM0Z1JHRnVTVVFnZEdWemRDQmpaWEowYVdacFkyRjBaWE1nWm5KdmJTQjBhR2x6SUVOQklHRnlaU0JwYzNOMVpXUWdkVzVrWlhJZ1QwbEVJREV1TXk0MkxqRXVOQzR4TGpNeE16RXpMakl1TkM0MkxqTXVOQzR3SHdZRFZSMGpCQmd3Rm9BVXpBSlZET1NCZEs4Z1ZOVVJGRmVja1ZJNGY2QXdIUVlEVlIwT0JCWUVGRTRja3JqdERnOGpmVExCSFNMaEhUWElmQVN3TUFrR0ExVWRFd1FDTUFBd0RRWUpLb1pJaHZjTkFRRUxCUUFEZ2dFQkFKWVo5WWErTzVpeUhUeDUvaEgxMXMzWDI5ekhWU2NUZThRWlEzTTNzbGdxRi9Td3oyUlBDNE1EL0ZEZWRQOE03Nm5ZcVNKY1g1Y0FnMk9ZRkt0MzgydW5SUXk2bXRTdmMrV0QyMkJyanU5NjJ1Um9CYlJlMTdFRmVzWTl6VFFjakU1cDlIMW9WYUpDR0l1SDJIZzlUZmczZW92NlRpcnpia1VnZnpQT0VGcE5FWXJ6M0tETkI3UmYxMldlbDVKaS9oci81UE9EZU5JNTZKOXhKVmR6bjhVanVhVEpxMldTZHVaTkNERjNaV2kvWHliMWVYekpVeGhha1ZaMFo5eVFNNjZZZmlEZFB0UFdEWU1aWS9nRkkzcUx0a3ZWd1VTam9ZT3ZqdUROZy9xTzMrUGl3Y2hVb3RwelR2Ri9ZWHlUTVpnNkQydTJ3cDFXZi9XSmZMMnAyNkk9PC9YQWRFUzpFbmNhcHN1bGF0ZWRPQ1NQVmFsdWU+PC9YQWRFUzpPQ1NQVmFsdWVzPjwvWEFkRVM6UmV2b2NhdGlvblZhbHVlcz48ZHM6U2lnbmF0dXJlIElkPSJzaWduYXR1cmUiIHhtbG5zOmRzPSJodHRwOi8vd3d3LnczLm9yZy8yMDAwLzA5L3htbGRzaWcjIj4KPGRzOlNpZ25lZEluZm8geG1sbnM6b3Blbm9jZXM9Imh0dHA6Ly93d3cub3Blbm9jZXMub3JnLzIwMDYvMDcvc2lnbmF0dXJlIyIgeG1sbnM6ZHM9Imh0dHA6Ly93d3cudzMub3JnLzIwMDAvMDkveG1sZHNpZyMiPgo8ZHM6Q2Fub25pY2FsaXphdGlvbk1ldGhvZCBBbGdvcml0aG09Imh0dHA6Ly93d3cudzMub3JnL1RSLzIwMDEvUkVDLXhtbC1jMTRuLTIwMDEwMzE1Ii8+CjxkczpTaWduYXR1cmVNZXRob2QgQWxnb3JpdGhtPSJodHRwOi8vd3d3LnczLm9yZy8yMDAxLzA0L3htbGRzaWctbW9yZSNyc2Etc2hhMjU2Ii8+CjxkczpSZWZlcmVuY2UgVVJJPSIjVG9CZVNpZ25lZCI+CjxkczpEaWdlc3RNZXRob2QgQWxnb3JpdGhtPSJodHRwOi8vd3d3LnczLm9yZy8yMDAxLzA0L3htbGVuYyNzaGEyNTYiLz4KPGRzOkRpZ2VzdFZhbHVlPmxuaXFIUTdZbVBRSTlqblBLZE9ya1JmekFmKytTSTlLOW5vQ1NlUVhZc0k9PC9kczpEaWdlc3RWYWx1ZT4KPC9kczpSZWZlcmVuY2U+CjxkczpSZWZlcmVuY2UgVHlwZT0iaHR0cDovL3d3dy53My5vcmcvMjAwMC8wOS94bWxkc2lnI09iamVjdCIgVVJJPSIjc2lnbnRleHQiPgo8ZHM6RGlnZXN0TWV0aG9kIEFsZ29yaXRobT0iaHR0cDovL3d3dy53My5vcmcvMjAwMS8wNC94bWxlbmMjc2hhMjU2Ii8+CjxkczpEaWdlc3RWYWx1ZT45eFdibXptTnl1ajZ0QjlJenJuT3Y3ZWxJLzE1ZDVxQVk1UzRibkUyRmdRPTwvZHM6RGlnZXN0VmFsdWU+CjwvZHM6UmVmZXJlbmNlPgo8L2RzOlNpZ25lZEluZm8+CjxkczpTaWduYXR1cmVWYWx1ZT4KVjZpM09QNHFGb3luTEZJT3pkN2oyYjNZbENLYnh4SnJublRRTVp1WnJEbEpTUmFUTm03M2VuRWZqVjR2b0xYY3RML3kyaU9NMHJvdwp5YW0vRGJlMFoyeXZEMW1TT3c2a3IzVllmK0xmeUFLWW5iZUE0SHEvNHBtY29mUkJmVXBmVGVVY1QxV0RWSFdwenYvWVhwVSs0cWNhCk4xdUt2QUdsT3VZRHd1blhlTDJwMTRaMUtoOEphL3ZZTzhLbkpxZm1OcUN3WFhxenVLYTNUejlqa0ZiQlBQaUpEeGhkNnJDWUEyT3IKL0s3d0xRclcwOXpqQ1E1QzNxeVFLdE9wVjZ3UzVJcTN0cTZ0ZkpwZ2VtODNZb0RUUElVWVZYeFp6WWxMOGdVNlhiYkhWQ2hzSkhBSwpVWnZuUUpTMzUyZkhSUi9GNTg2TU1GZ0tMR0F1TnpCbUl6cDFnQT09CjwvZHM6U2lnbmF0dXJlVmFsdWU+CjxkczpLZXlJbmZvPgo8ZHM6WDUwOURhdGE+CjxkczpYNTA5Q2VydGlmaWNhdGU+Ck1JSUZRRENDQXlpZ0F3SUJBZ0lFUytyYUxUQU5CZ2txaGtpRzl3MEJBUXNGQURCUE1Rc3dDUVlEVlFRR0V3SkVTekVTTUJBR0ExVUUKQ2hNSlZGSlZVMVF5TkRBNE1Td3dLZ1lEVlFRREV5TlVVbFZUVkRJME1EZ2dVM2x6ZEdWdGRHVnpkQ0JXU1VrZ1VISnBiV0Z5ZVNCRApRVEFlRncweE5EQXlNamN3TnpVek1UQmFGdzB5T1RBeU1qY3dPREl6TVRCYU1FY3hDekFKQmdOVkJBWVRBa1JMTVJJd0VBWURWUVFLCkRBbFVVbFZUVkRJME1EZ3hKREFpQmdOVkJBTU1HMVJTVlZOVU1qUXdPQ0JUZVhOMFpXMTBaWE4wSUZoSldDQkRRVENDQVNJd0RRWUoKS29aSWh2Y05BUUVCQlFBRGdnRVBBRENDQVFvQ2dnRUJBSi9wUStmdDhsTUVzbEUyZlhnV3J0Q3lqQXBrcHM2SkRUaEZ5ZWR0Rm9CcgpSQ3JEYkxxclA3SEpPYkpKS01QWWpkVnhsNDRPc1JmeEdGUmhadWZJTHg4WWhNWXczampQaVd1eGUwcFpkSVN5ek1EdGxDOUdNWjd6CnluY3dhWlhGSzhBMFBBWm1vTmltbTlaRnNyMnViemx3Q2JScnRNOHY0K3ZSOWNWU2d3bFBNZGE1YzFITTkvRUQ4dUMwcFpCaXJhN04KdzhyNUpxbm4xY3RIVy82MUwzWHpYUzFzc2xOMmJYUDQzZlRjc2JoeENyNWRMRDBtMk9IUGdsMDU2THFNbGVOZWJWTWxTdWRiWXVXcgpldWdHRzJMOU54bnIxVTM4S1NSSHpFQWpnOHVUNWxqRE9tM2p1L1FHZXdmTXNTMEhNL0gvdFZ4YjA0WVpMRmVLZ050ckZHRUNBd0VBCkFhT0NBU293Z2dFbU1BOEdBMVVkRXdFQi93UUZNQU1CQWY4d0RnWURWUjBQQVFIL0JBUURBZ0VHTUJFR0ExVWRJQVFLTUFnd0JnWUUKVlIwZ0FEQ0Jyd1lEVlIwZkJJR25NSUdrTURxZ09LQTJoalJvZEhSd09pOHZZM0pzTG5ONWMzUmxiWFJsYzNRM0xuUnlkWE4wTWpRdwpPQzVqYjIwdmMzbHpkR1Z0ZEdWemREY3VZM0pzTUdhZ1pLQmlwR0F3WGpFTE1Ba0dBMVVFQmhNQ1JFc3hFakFRQmdOVkJBb1RDVlJTClZWTlVNalF3T0RFc01Db0dBMVVFQXhNalZGSlZVMVF5TkRBNElGTjVjM1JsYlhSbGMzUWdWa2xKSUZCeWFXMWhjbmtnUTBFeERUQUwKQmdOVkJBTVRCRU5TVERFd0h3WURWUjBqQkJnd0ZvQVVJN3BNTVpEaDA4elRHN01iV3JiSVJjM1RnNWN3SFFZRFZSME9CQllFRk13QwpWUXprZ1hTdklGVFZFUlJYbkpGU09IK2dNQTBHQ1NxR1NJYjNEUUVCQ3dVQUE0SUNBUUJvV3pPVHVlZFY1ZXR1TlFUWCtUTmJqdVRyClFrNzhiMG0zelhiR0w0dnRUWEtMVjZYbTNuNEk3UzQvR0xWaWR1TXpPNDg3VzJoVytxSTMwNHZaM0pVeGRGbUJMUzIrNEt6cjJjQ0sKUkc0QnNlcWlPdzRLR05PMW5tb1hzTUttbHcveXduZFFVS1c5byt0MnJyNmU5Qmk2RVE4dHJuTEV0TFBoUk1SWGVkOTlqOEdzV0JnQgpYRGNWVXBreTd0clJqTThMblFQWFVQcTlSWUhyejBpL2NWZDJuYlhxQ0IvWmp6TlMydTlpRjlIMDlVUjQ4VWYxb2RKMGkybXZhUzV5CnUrV2dOTjh6enJsc0NENU9zYmwxTHhLYU1HZW1wQUQ3TW9EU0t1ZVhNVFB1OGFUdzM4Yk1kaS82U1VrZ0hwNlVFeUdwYWNNZXZYb20KMkJ6bFhvb2h6aUJ4S1RHNHVzMGNjZW1rVjgrdGlhMlZ5clpuVnJGNVR6cVMrR29LVVlLbW1jVmk0czAvTktXdEpBTkdZVDhaeEVwdApncHJIR0o3eTI3OTQxREZhUmNQRkxVaG45cnFIcHlIT3IweDRCalZNei9zbTUya3F2b2YyTld3a2pvTlZRdkpMQjZYc0w3U2pHalNUCmVnMmowWG1MOWxQd1N2alo0YXpPcndicUo3VXlyUmV5M2lIbktGTWJ5QjZ0VFcySWpoaE1lSExTSXExWFlFMFo2TGI2VmZMWmJTaVkKQWFPT2hRS3ZkVTBGcmtCdUJtZG10RmhJbk1iU1BnUVBYcXVLSGhmSDh5Ty83NkcvRm9ramZDTW96cWpKQ0p2QjYyUjNQNTh4THFXcApzVkFTYWlwQjJINkhiSGtabXdHVXMrbkpPckxXaVdXdXJYZVVhT1dZVkRkZVc1ekk3Zz09CjwvZHM6WDUwOUNlcnRpZmljYXRlPgo8L2RzOlg1MDlEYXRhPgo8ZHM6WDUwOURhdGE+CjxkczpYNTA5Q2VydGlmaWNhdGU+Ck1JSUdCakNDQk82Z0F3SUJBZ0lFVXhBQjNUQU5CZ2txaGtpRzl3MEJBUXNGQURCSE1Rc3dDUVlEVlFRR0V3SkVTekVTTUJBR0ExVUUKQ2d3SlZGSlZVMVF5TkRBNE1TUXdJZ1lEVlFRRERCdFVVbFZUVkRJME1EZ2dVM2x6ZEdWdGRHVnpkQ0JZU1ZnZ1EwRXdIaGNOTVRVdwpOekUyTURrME5ETTBXaGNOTVRnd056RTJNRGswTkRFeFdqQjNNUXN3Q1FZRFZRUUdFd0pFU3pFcE1DY0dBMVVFQ2d3Z1NXNW5aVzRnCmIzSm5ZVzVwYzJGMGIzSnBjMnNnZEdsc2EyNTVkRzVwYm1jeFBUQVdCZ05WQkFNTUQxUmhjbUpsYmlCS1lXdHZZbk5sYmpBakJnTlYKQkFVVEhGQkpSRG81TWpBNExUSXdNREl0TWkwek5EZzJNVEl4TWpnek5Ea3dnZ0VpTUEwR0NTcUdTSWIzRFFFQkFRVUFBNElCRHdBdwpnZ0VLQW9JQkFRQytlWlZOeDZQUlY4RGdFbUIzMjRrbkk0Y0xrcXRrVE1xTlBOeWVZcTVwb1Mwamo0b0ZqckZhaHBweU9lc3FUVkJxClVBM1lsZnhzVGgyU1l1RXVhS0FWalE0clJRUjhhbnZFSUpnMk5SYzhpd1RTd2E4VTk3TFhCRmtHNHR3VWxHSTZTbmdWV1JmejFoankKV2dMZ05BcmlWeUhBZk9ZTlhrdm4vdkYrV0F0enlRdjBvWU9qQmJsSU43azl0TnlPa2E2ZXp4a0JmZG1EaE9wakJWc29FZ1BXNnJtUwphOGlmRFFtN0N0azFnT2NYVlJzeFBXK2V6bTlhN093UGVvU01JYnlYcDMvRDFuL0Z0SkFxdHRGUXJscmRxK3l1YlZWbTBoMklsS3U1CktMYzNHYitMYzVIdnNyRW1VbVlDNGl5TVRvaTkyeVh0b1NxNGh2ZkVQcTN4ZnhCL0FnTUJBQUdqZ2dMSU1JSUN4REFPQmdOVkhROEIKQWY4RUJBTUNBL2d3Z1pVR0NDc0dBUVVGQndFQkJJR0lNSUdGTUR3R0NDc0dBUVVGQnpBQmhqQm9kSFJ3T2k4dmIyTnpjQzV6ZVhOMApaVzEwWlhOME1Ua3VkSEoxYzNReU5EQTRMbU52YlM5eVpYTndiMjVrWlhJd1JRWUlLd1lCQlFVSE1BS0dPV2gwZEhBNkx5OWhhV0V1CmMzbHpkR1Z0ZEdWemRERTVMblJ5ZFhOME1qUXdPQzVqYjIwdmMzbHpkR1Z0ZEdWemRERTVMV05oTG1ObGNqQ0NBU0FHQTFVZElBU0MKQVJjd2dnRVRNSUlCRHdZTkt3WUJCQUdCOUZFQ0JBWUJCRENCL1RBdkJnZ3JCZ0VGQlFjQ0FSWWphSFIwY0RvdkwzZDNkeTUwY25WegpkREkwTURndVkyOXRMM0psY0c5emFYUnZjbmt3Z2NrR0NDc0dBUVVGQndJQ01JRzhNQXdXQlVSaGJrbEVNQU1DQVFFYWdhdEVZVzVKClJDQjBaWE4wSUdObGNuUnBabWxyWVhSbGNpQm1jbUVnWkdWdWJtVWdRMEVnZFdSemRHVmtaWE1nZFc1a1pYSWdUMGxFSURFdU15NDIKTGpFdU5DNHhMak14TXpFekxqSXVOQzQyTGpFdU5DNGdSR0Z1U1VRZ2RHVnpkQ0JqWlhKMGFXWnBZMkYwWlhNZ1puSnZiU0IwYUdsegpJRU5CSUdGeVpTQnBjM04xWldRZ2RXNWtaWElnVDBsRUlERXVNeTQyTGpFdU5DNHhMak14TXpFekxqSXVOQzQyTGpFdU5DNHdnYW9HCkExVWRId1NCb2pDQm56QThvRHFnT0lZMmFIUjBjRG92TDJOeWJDNXplWE4wWlcxMFpYTjBNVGt1ZEhKMWMzUXlOREE0TG1OdmJTOXoKZVhOMFpXMTBaWE4wTVRrdVkzSnNNRitnWGFCYnBGa3dWekVMTUFrR0ExVUVCaE1DUkVzeEVqQVFCZ05WQkFvTUNWUlNWVk5VTWpRdwpPREVrTUNJR0ExVUVBd3diVkZKVlUxUXlOREE0SUZONWMzUmxiWFJsYzNRZ1dFbFlJRU5CTVE0d0RBWURWUVFEREFWRFVrd3pOVEFmCkJnTlZIU01FR0RBV2dCVE1BbFVNNUlGMHJ5QlUxUkVVVjV5UlVqaC9vREFkQmdOVkhRNEVGZ1FVTGxsNU51aWFwOGNEcytqYW1BMjMKT0ZodlpPd3dDUVlEVlIwVEJBSXdBREFOQmdrcWhraUc5dzBCQVFzRkFBT0NBUUVBQ084OW9GTVZEWFlRQ1pBTUh1UjYxTzZ3ZGNjUwplbUpXYVk3MXFEbnJzYzF1eVlHdzVVK1VKZVJnWFcybXhXY0dXaW1GVHRnS1IvbTBLT0dXWlpYbndPQWJ1aXo4T2lNcFdPc0trRzNICmZXS25DNHlrS2gxK2lLcDR1ejBtemJoalFpNU8ySGFSTkVmSjZJakdzdXZjOWhVdFdFOGxSc0NxL1JPQVhqaHNnYlNKeVlFNDhzS0EKQVJKMHc3UUZoRkU0VUZRSTJ2UWFQb2p0NkM4N3BCTThFQjVTejNCZWlXSU9VNzhGUXFsaWlBOHdBUEdiWmdTMWFBK2R5MkVWR2ZCbQpHZGtlVGZBSi9meWJ1Z3VaUUxBVUFrMXhQdTMwU2hZWDltWHVxam5HeDZ2Y3Rjekd3OEdwMnlEYjNlQUJFb2toQWdmOXhNSWh2UWg4CnBSUCtVNGRWUEE9PQo8L2RzOlg1MDlDZXJ0aWZpY2F0ZT4KPC9kczpYNTA5RGF0YT4KPGRzOlg1MDlEYXRhPgo8ZHM6WDUwOUNlcnRpZmljYXRlPgpNSUlHU0RDQ0JEQ2dBd0lCQWdJRVMrcHVsREFOQmdrcWhraUc5dzBCQVFzRkFEQlBNUXN3Q1FZRFZRUUdFd0pFU3pFU01CQUdBMVVFCkNoTUpWRkpWVTFReU5EQTRNU3d3S2dZRFZRUURFeU5VVWxWVFZESTBNRGdnVTNsemRHVnRkR1Z6ZENCV1NVa2dVSEpwYldGeWVTQkQKUVRBZUZ3MHhNREExTVRJd09ETXlNVFJhRncwek56QXhNVEl3T1RBeU1UUmFNRTh4Q3pBSkJnTlZCQVlUQWtSTE1SSXdFQVlEVlFRSwpFd2xVVWxWVFZESTBNRGd4TERBcUJnTlZCQU1USTFSU1ZWTlVNalF3T0NCVGVYTjBaVzEwWlhOMElGWkpTU0JRY21sdFlYSjVJRU5CCk1JSUNJakFOQmdrcWhraUc5dzBCQVFFRkFBT0NBZzhBTUlJQ0NnS0NBZ0VBcHV1TXBkSHUvbFhoUSs5VHllY3RoT3hyZzVoUGd4bEsKMXJwanN5Qk5ERW1PRXBtT2xLOGdoeVo3TW5TRjNmZnNpWSswakE1MXArQVFmWVl1YXJHZ1VRVk8rVk02RTNWVWREcGdXRWtzZXRDWQpZOEw3VXJweURlWXg5b3l3VDdFK1lYSDB2Q291ZzVGOXZCUG5reTdQbGZWTmFYUGZnamgxKzY2bWxVRDlzVjNmaVRqREwxMkdrd09MCnQzNVM1QmtjcUFFWWMzN0hUNjlOODhRdWd4dGFSbDhlRkJSdW1qMU13MExCeEN3bDIxR2RWWTRFanFIMVVzN1l0Uk1SSjJuRUZUQ1IKV0h6bTJyeWY3QkdkODBZbXRKZUw2Um9paWR3bElnenZob0ZodjRYZExId3phUWJkYjlzMTQxcTJzOUtEUFpDR2NnSWdlWFpkcVkxVgp6N1VCQ01pQkRHN3EyUzJuaTd3cFVNQnllK2lZVmt2SkQzMnNyR0N6cFdxRzcyMDNjTHlaQ2pxMm9XdUxrTDgwNy9TazRzWWxlTUE0CllGcXNheklmVitNME9WckpDQ0NrUHlzUzEwbi8raW9sZU0waG5veFFpdXB1aklHUGNKTUE4YW5xV3VlR0lhS05aRkEvbTFJS3dubjAKQ1RrRW0yYUdUVEV3cHpiMCtkQ0FUbEx5djZTczN3K0Q3cHFXQ1hzQVZBWm1ENHBuY1grL0FTUlpRZDNvU3ZOUXhVUXI4RW94RVVMeApTYWUwQ1BSeUd3UXdzd0dwcW1HbThrTlBIaklDNWtzMm16SFpBTXlUejN6b1UzaC9RVzJUMlUyK3BaalVlTWpZaHlyUmVXUmJPSUJDCml6b09hb2FOY1NuUEdVRW9oR1V5TFBUYlpMcFdzbTN2amJ5azd5dlBxb1VDQXdFQUFhT0NBU293Z2dFbU1BOEdBMVVkRXdFQi93UUYKTUFNQkFmOHdEZ1lEVlIwUEFRSC9CQVFEQWdFR01CRUdBMVVkSUFRS01BZ3dCZ1lFVlIwZ0FEQ0Jyd1lEVlIwZkJJR25NSUdrTURxZwpPS0EyaGpSb2RIUndPaTh2WTNKc0xuTjVjM1JsYlhSbGMzUTNMblJ5ZFhOME1qUXdPQzVqYjIwdmMzbHpkR1Z0ZEdWemREY3VZM0pzCk1HYWdaS0JpcEdBd1hqRUxNQWtHQTFVRUJoTUNSRXN4RWpBUUJnTlZCQW9UQ1ZSU1ZWTlVNalF3T0RFc01Db0dBMVVFQXhNalZGSlYKVTFReU5EQTRJRk41YzNSbGJYUmxjM1FnVmtsSklGQnlhVzFoY25rZ1EwRXhEVEFMQmdOVkJBTVRCRU5TVERFd0h3WURWUjBqQkJndwpGb0FVSTdwTU1aRGgwOHpURzdNYldyYklSYzNUZzVjd0hRWURWUjBPQkJZRUZDTzZUREdRNGRQTTB4dXpHMXEyeUVYTjA0T1hNQTBHCkNTcUdTSWIzRFFFQkN3VUFBNElDQVFDUko5VE03c0lTSkJIUXdOOHhkZXk0cnhBMHFUN05aZEtJQ2NJeHlJQzgySElPR0FvdUtiM28KSGpJb01neElVaEEzeGJVM1B1dHI0K1NtbmMxTGRydzhBb2ZMR2xGWUcyeXBnM2NwRjlwZEhyVmRoOFFpRVJvekx3Zk5QRGdWZUNBbgpqS1BOdDhtdTBGV0JTMzJ0aVZNNURFT1V3RHBvRERSRjI3S3U5cVRGSDRJWWc5MHdMSGZMaStucWMySHdWQlVnRHQzdFhVNnpLNHB6Ck0wQ3BicmJPWFBKT1lITXZhdy80RW0ycjBQWkQrUU9hZ2NlY3hQTVdJNjV0MmgvVVNieU8vYWgzVktuQldEa1BzTUtqajVqRWJCVlIKbkdaZHY1cmNKYjBjSHFRODAyZXp0emlBNEhUYlN6QkU0b1JhVkNyaFhnL2c2Smo4L3RabGd4UkkwSkdnQVgyZHZXUXlQNHhoYnhMTgpDVlhQZHZSVjBnMGVoS3Zob20xRkdqSXo5NzUvRE1hdmt5YmgwZ3p5Z3E0c1k5RnlrbDRvVDRyRGtEdlpMWUl4UzR1MUJyVUpKSmFECnpIQ2VYbVpxT2h4OFNoZStGajlZd1ZWUkdmeFQ0RkwwUWQzV0F0YUNWeWhTUTZTa1pnclB2ekFteE9VcnVJNlhoRWhZR2xQNU84V0YKRVRpQVR4dVpBSk51S01KdGliZlJoTU5zUStUVnYvWlByNVN3ZSszRElRdG10MU1JbEdsVG40azQwejRzNmdER0tpRndBWVhqZC9rSQpEMzJSL2hKUEU0MW85KzNuZDhhSFpoQnkybEYwaktBbXI1YTZMYmhnMk83empHcTdtUTNNY2VOZWVidVdYRDQ0QXhJaW5yeXpocW5FCldJK0J4ZGxGYWlhM1U3bzIrSFlkSHc9PQo8L2RzOlg1MDlDZXJ0aWZpY2F0ZT4KPC9kczpYNTA5RGF0YT4KPC9kczpLZXlJbmZvPgo8ZHM6T2JqZWN0IHhtbG5zOm9wZW5vY2VzPSJodHRwOi8vd3d3Lm9wZW5vY2VzLm9yZy8yMDA2LzA3L3NpZ25hdHVyZSMiIElkPSJUb0JlU2lnbmVkIiB4bWxuczpkcz0iaHR0cDovL3d3dy53My5vcmcvMjAwMC8wOS94bWxkc2lnIyI+PGRzOlNpZ25hdHVyZVByb3BlcnRpZXM+CjxkczpTaWduYXR1cmVQcm9wZXJ0eSBUYXJnZXQ9InNpZ25hdHVyZSI+PG9wZW5vY2VzOk5hbWU+UmVxdWVzdElzc3Vlcjwvb3Blbm9jZXM6TmFtZT48b3Blbm9jZXM6VmFsdWUgRW5jb2Rpbmc9ImJhc2U2NCIgVmlzaWJsZVRvU2lnbmVyPSJ5ZXMiPlJTMWliMnR6PC9vcGVub2NlczpWYWx1ZT48L2RzOlNpZ25hdHVyZVByb3BlcnR5Pgo8ZHM6U2lnbmF0dXJlUHJvcGVydHkgVGFyZ2V0PSJzaWduYXR1cmUiPjxvcGVub2NlczpOYW1lPmFjdGlvbjwvb3Blbm9jZXM6TmFtZT48b3Blbm9jZXM6VmFsdWUgRW5jb2Rpbmc9InhtbCIgVmlzaWJsZVRvU2lnbmVyPSJubyI+c2lnbjwvb3Blbm9jZXM6VmFsdWU+PC9kczpTaWduYXR1cmVQcm9wZXJ0eT4KPGRzOlNpZ25hdHVyZVByb3BlcnR5IFRhcmdldD0ic2lnbmF0dXJlIj48b3Blbm9jZXM6TmFtZT51c2VyYWdlbnQ8L29wZW5vY2VzOk5hbWU+PG9wZW5vY2VzOlZhbHVlIEVuY29kaW5nPSJiYXNlNjQiIFZpc2libGVUb1NpZ25lcj0ibm8iPlRXOTZhV3hzWVM4MUxqQWdLRmRwYm1SdmQzTWdUbFFnTmk0eE95QlhUMWMyTkRzZ1ZISnBaR1Z1ZEM4M0xqQTdJRk5NUTBNeU95QXVUa1ZVSUVOTVVpQXlMakF1TlRBM01qYzdJQzVPUlZRZ1EweFNJRE11TlM0ek1EY3lPVHNnTGs1RlZDQkRURklnTXk0d0xqTXdOekk1T3lCTlpXUnBZU0JEWlc1MFpYSWdVRU1nTmk0d095QXVUa1ZVTkM0d1F6c2dMazVGVkRRdU1FVTdJRTFUTFZKVVF5Qk1UU0E0T3lCSmJtWnZVR0YwYUM0ek95Qnlkam94TVM0d0tTQnNhV3RsSUVkbFkydHY8L29wZW5vY2VzOlZhbHVlPjwvZHM6U2lnbmF0dXJlUHJvcGVydHk+CjxkczpTaWduYXR1cmVQcm9wZXJ0eSBUYXJnZXQ9InNpZ25hdHVyZSI+PG9wZW5vY2VzOk5hbWU+Y2hhbGxlbmdlPC9vcGVub2NlczpOYW1lPjxvcGVub2NlczpWYWx1ZSBFbmNvZGluZz0ieG1sIiBWaXNpYmxlVG9TaWduZXI9Im5vIj5NemN6TVRrd01UVXdOelk0TlRjek1UazNPQT09PC9vcGVub2NlczpWYWx1ZT48L2RzOlNpZ25hdHVyZVByb3BlcnR5Pgo8ZHM6U2lnbmF0dXJlUHJvcGVydHkgVGFyZ2V0PSJzaWduYXR1cmUiPjxvcGVub2NlczpOYW1lPlRpbWVTdGFtcDwvb3Blbm9jZXM6TmFtZT48b3Blbm9jZXM6VmFsdWUgRW5jb2Rpbmc9ImJhc2U2NCIgVmlzaWJsZVRvU2lnbmVyPSJubyI+TWpBeE5TMHhNQzB5TVNBeE5EbzBPVG8wTWlzd01qQXc8L29wZW5vY2VzOlZhbHVlPjwvZHM6U2lnbmF0dXJlUHJvcGVydHk+CjwvZHM6U2lnbmF0dXJlUHJvcGVydGllcz48L2RzOk9iamVjdD4KPGRzOk9iamVjdCB4bWxuczpvcGVub2Nlcz0iaHR0cDovL3d3dy5vcGVub2Nlcy5vcmcvMjAwNi8wNy9zaWduYXR1cmUjIiBFbmNvZGluZz0iYmFzZTY0IiBJZD0ic2lnbnRleHQiIE1pbWVUeXBlPSJhcHBsaWNhdGlvbi9wZGYiIHhtbG5zOmRzPSJodHRwOi8vd3d3LnczLm9yZy8yMDAwLzA5L3htbGRzaWcjIj5KVkJFUmkweExqY0tKZUxqejlNS055QXdJRzlpYWdwYkwwTmhiRWR5WVhrZ1BEd0tMMWRvYVhSbFVHOXBiblFnV3pBdU9UVXdOU0F4CklERXVNRGc1WFFvdlIyRnRiV0VnTWk0eUNqNCtYUXBsYm1Sdlltb0tOaUF3SUc5aWFnbzhQQW92Vkhsd1pTQXZXRTlpYW1WamRBb3YKVTNWaWRIbHdaU0F2Um05eWJRb3ZSbTl5YlZSNWNHVWdNUW92UWtKdmVDQmJNQ0F0TlRBd0lESXlOVEF3SURFMU1EQmRDaTlOWVhSeQphWGdnV3pBdU1EQXhJREFnTUNBd0xqQXdNU0F3SURCZENpOVNaWE52ZFhKalpYTWdQRHdLTDBOdmJHOXlVM0JoWTJVZ1BEd0tMME5UCklEY2dNQ0JTQ2o0K0NqNCtDaTlHYVd4MFpYSWdMMFpzWVhSbFJHVmpiMlJsQ2k5TVpXNW5kR2dnTkRJME53bytQZ3B6ZEhKbFlXMEsKZUp4dFdqbVdKVG1PMVBNVWNZR080UTVTTHIyVk9rS3IxZkpjZjJ3Qi9YdGtqcEF2aVNCSWdvYVY4Ri9MMS8vKytwKy8vdjc2Nis5Zgo1WHQrL2YzWHYzL1ZQci9LMTMvMWZ4MXJmZjN6cTljZnd6TUtSK2Q4MWRManUvZXZXY0JROXZwYUlEVDR6NitvOVh1RnFkZ0ZneWprCjNYMXozUUhMUGd2RHN2bm40NTNPbWx4MVZ2czZ0WUxuYlAxOXovV3R2VXY1aWdnUFZuUndhRWlKZHZ2OHp5bVBZbUYxOGRGTlI4V3EKWDN0UmdHaE5oMVpOcjJVUmV2MmFrSXovLytmWEhFMENnUmdudWVOcmpQbTFON2ZvUjN2dXBkdjJoYiszd2I5MHNGQlNzRFNNMnRFOAo0RnZMOHhqT3pTTTRvdHhHSHYrdnRiNGhYNFdjME1QQ3NhQ2FaaUJOYVYvLzJ0L2dBUXFRazNQL3FnUGorWXdCeWpqMUcvdHBab3lpCm1aNnJSaG5hbjhMVnZqWUp3Sys1UGpyWFFVYVRUYk5uaTdVT25vNC80bC9SYWEzMFo5eWxzRXVkSm9scmpEK3BXcGJJWlAyZEpHQWcKeDU0aVIrOXZNcGt2U0QvSlBDZDVmMUs5MUJmVnh2RVZ4OVlWVzExSm4rR2JOZDVtRnVGWVpZYTQ2NlJaRTd0cDd0a3MxUktZRTBpVAplKzdraGxrUXNVbjlZQXR5VHVsbmxZZXFxeHRYMlRoV3ZmVC9uMSt0OWY0Ti9HME5yYzFEaXZkcXJaenYvckVHM0VDYzFIbXI3UmxqCmp3S0JscTJoRlp6TW1Xc05KNnIyMXdWT255U3VOZEF6MXNjYTl0R3NyV0h2K3QzVEduYm9ORmxEanRNYWtrcE54S2gvVWxlRnlmbzcKYVd2QUZacElXOE5EbXZrQjZTZnBjeTd2VDhyV2NLbHJEYUIxeFdzTnJhenFtelhodUlUanRZWldZaHU3bWR6SFVza2FXcVdPUDlZQQpuV3doTnFtZk9jUXBhMmowaTZTZ1ZlT2ExdkRXUHpnSHdtV0Q5a1lKbWtPUzk5NHoydjlEbmpaSUxTanpJSHdIcnJOd1BEYXNwU3A4CnRTamRDeEcxY0VyTVNsWmNRQ0d2YlM5Vk1HOTdGL01xenJjVG43bGVaaEtyT2Q2MTVLMUxrVzREWmtUM293allxUCt2ZzZORkJVRDkKMnBYRzFiRVFqTkU5MVR2Y0NsWllYdFJVQ2tsaTlKeWl2ZUsvbGpzQ1NhaDJLZ2gzN25oMTBha3luRjJsTnl5ckZOT2NwWVVncmwvdAp3Q3c0QklCdHI3aGozSHFYaHdKYTNRc3E5eGFhVTdjVzU1cEJTUHF4T2hjUUJ4blY1TnhXWUMza1RVcmEvZWVuc3FWT1NZbVFROVVuCjFiYzFPSS8yYmRjMHFXRk10eWJERFlRSzZudW1XVWNzMGJyWXRMUytHQ05BVXIxQU5WcmxjSUQ0WEx5bmNFSTA1eXhXQU1DeEpJd2MKMzJQRVFuR1pXc0JidUZkZFNlZHJSMW5vSGtQSUl3SFFRZ1VrMFM4ODRBeGVhd25qay9hNTF6TVQySkhqY25ocDZXdDMrZDhxV2grdQpLUzVneTZuNmpTYU9uaWRRWk5Dbk5Fd1A2cHR4K1RVbXl6OGY3aHlXdXd6aDQzSytodVhEeDdvcFlBa3dIQ3B4TUJWMzVod0dvekhICmZsR1ZoWVFZZjZ3U0g2NS90MkQ4WG5jUjB0UDhVR1BSd1A5Y0JiNHhFSEVrT0pZZ3BkeGJUcmp3aXhvTVRDaDNEb21KdEFDUW13NWkKcWdQNmNqVjQ0NFJqTWNYT0pCa0lzWTRtTUlNeDlObnlRSXlIUWt5YVlsd2l0RWtialBDclNhd3hOb2xSWGx2QW85NWJ0THdLaG9XKwpwaUU4aVh1dHZrUU0vbjFYYW15dTNpN1QrQ3c5U0ppdWZCZGRhVDdieHg0djZreXlHWkJBVkNNR0FnUUViTzhCSkZnYXp3ZVFLTkRTClRFQ2lDYnZjTWdaS2lBODFkWndCUWUzS1RReElMSWxsUUlKQitGbTBtYlUrVzBSZWhidjFkWWQ5Y1M4REVyM3g3d1lFbFhwTnBnY0YKN0RrS1hGT0FJTlloMkQySE5icmlRNDFPTmdPeUJ3cUVsb0NBaU8vOUFMSW53R29QSUFnNlJlc0l5QTVoZDdjOGNJcUhPa1hIR1JCRQpCbTVpUUZDSWgyWUlDTUxXYXd0bzZiMUZ5NnR3dHpwenVEY2pVd0lDT1BsM0E3TG5LWmRwZkpZR0l1TVdJRG0waXgrR3FkK0lIL3lvClpVcERtVkZ2MXI3a3JYVEt3SzMrSUoyMW1aRUh0bUhXeGpndDAxa2J2Z083cmpkcmd6dzg4V1p0N0tlbHlzejg0eEN2c2piK3E2KzUKZlV3NGE5ZHlsbm1WdFpHYk9xMGkwemJJeldNeWI4TjRXZ1d6RXplb1Njdkt6RjFWOGRlYnVpL3AzSDJwVE41Y1N0UFA3RjFKWTlicApHNGNHOTMwcTYwcDMyemVCUStKQjVzUUI5a1MwZVlNNG5VTmdpWEd0T1NiVG12V1pRWERXZ2t6Z0JQWVFBSFB5RGJCdkFnZllRR25mCkJBNnlTNWRLNEpmS2pQMUQ3OVlzcFhRQ3YxUW1jSkNEKzk0RWJtWFhUT0FRUW9IbkpuQ3FTZ0ZBNHE4amFmTmlFWmNDRWlPMEtpNU0KWldoUDQzUVdIWjhKSEdQWWZGVUN2Mk1uOEV0bEF1Y2lYaWtUT0hla3NUcUIwektLdEZMTjY5akpOTTNuUHpFK3FhTFZ5ek16c2VOVQpBaWZXMUpjVE9DSGgra3pnRjdCTTRHODB3WXRhL0tSNzNqRWVzMFFkQlRYM2IvZlJqRmNOb1pUbWEyeUNualpSbHlEM0RBSEd1SENWCmxqRTdvMGEwUzR6WThsSGpXa2VqMkEvT3RlOU9YUTY5Z1NDSEZBMUJLNTh6M0tVWm9TU1JkYzBvaWlHcDZpVk9SMm9jQjQrK0xqWXEKbFVoVit1d2xZSU5HeUJTdGNqdDhuNUtaakVldExWdVF4eU4wUHU1UHh0MzNFdzMwekh1RmtVcmZldDRHSUhNNmd4QWVmZlRNczN1UwppeUljRzA5UzJUMnFyU0htL2tFV2F5bjF4emJCckNWUitlOUQ5VE4wd1NPVGJSa0cyQUc1RlNtdU9NY1BOVVNqNTFacitwenZXK1hpCmpyR3YrMVRIRHJnV3grTENJOHpTVDRXZ25lL2ZWbVF0VU80em5qV3RUOVJhSlVGUTVBMmIyNUh5ZXFJbkx6OThLZXVKdTluNmtuZzEKeCtSaXFMb3pheWdCbFBHZE55N2F6aUYwcWtJSWJHUWJGVlFMVDdJWG1kYWw1MkEyOTNLY0QzSFlhZitEdXVrb1dYOG44WUI2azlTawpiajVscXJXZGsvUmhqS205Qy9kR2k2Um5ia3VJV2tKcGUxeGpXbHZialNFY1dxaE9nYmZsN3JGdFRvY0JiaTlQSG5sWlF6MmdyVFNICjdDdGk4K3pTaDNmcGJsQVZPVUt2TmtJK1lOWEhjUEpET0pScm9FUWlVU3grazUrMGJmdjEzT2J6N0V0dHNSUk9WVmhMZVVKNUFsY0sKNzh0SE5hZHBjNWVBaDVyWDVNWDR6UDBuZWRWajNwOVVlZW5DdmNUU0tDbnJxLzgrMUZKaFZ2dVVxLzJreHZoOUhYdGxNTVR2MjNzQwo1WXJPTXlvOW5rN2txRXFTN2pleWFYSjdUN1VmdU9qd1RIY29lWHBQSFVILysvYWV1dDNoNlVSdXhOdng2VVR1TG1keEozSlg1VGoxCm43Wjh4WjFJajI4bjBsUWloZnIzL0VFOXJVZXovazVtSjdJZitkenRSRjR5bVM5SVA4bDdqbmwvVXRtSlRPcnBSSUpXMXJpZHlKN0IKeUozSXdkZngrSFFpQjE4Zm45NFQ2QzZwM0luRXczSitqMCs5Qkoyb3hwelN6NUZsdWhNNVVNQWxoWEUvRG9XNTZxTi9jalpWRnJQYgpHa3hGczNrRG0vNk5WM0U0RFNCek15T2VKWDBOMXVORHRaT1pGNlRMandNd3BJaFhaVHFPYzZubVprRzQ1RUorTlppd1ZaVVE3c3cyCm5Jd0RjOHZaVkV4R0hXOXlPbDBuTllxREVrcUcvczMrUnIxTjNOcFVGaWsrVEY2YVlFeTFlNnNPeVg0dUsySHNZemlPc3NPL2xJcDAKNTQwS09Wdys1S1d5c0VESlNGdjJ6Q3lxNjU1dWZGYi9WUUVkOWVQNFppODNUMHlVKzNUTjgxSUJtY2NhTDRXWTZrZng4MUFiS3UwRwpTOGVuNkJ1ckN0R2JJd2ZMZ2l3WHJ5WlNhTWJYa1ROODF4QXBxcUdVb3YwTUxZcG5jRFZtWjl4TXdoNmJSSkxUT1MycHRSenB0WTdOCm1UU2ZveG8yc3lTa0o1TEtraENEdHFKY21BSm1sa3pSUGVOcjNVZEozbmwzbTVUUkNIWnZoYmlBV3E5eEFqcGg4RXFZQWpTcGErRjQKYlBHSWErRnpidm01TFh5dXNOVmVjMlRwTzY0Vm56cGYxZFp5ZlBUY3FydHFJUzE4TlZjRXRuRFVnVlRBdGZBMXFoOGU0MDJtaFNkMQpMUnhwbFJiOVdQanFLc3pUd2hmN3BOVVd2aHBteG1QaHl4NXZDMTlGQWVsajRZdGY2OUtPODFKcDRUUFd0WGRnb1N6NVdQaWNmb2ZhCndpRXduZSt4OEVUNVd2aExCWUsxdEpkQ1RNbkMxY1ladHZDNVZEeWxoYy9ReSs2eDhMbFZWZGVYMEduaHVNNjh0cjlZZnc1YitLb3EKaDlQQ1YvVkRqQmErR0hUMlkrRkpwb1VuZFMxOE9WMWVDOGVtOGFrREZ6OGRERnM0eEtDdHlJNVR3TFR3Rk4wenZ0YTE4THh6V25paQpjUzA4Z1ZxdmNRS0t4OU81UldDT2J6VytXQ0gvUWVZWHlmcU1vK2pGMTZ0YUdWRzNnczVRb2d5VXQ0U0s1U2pQanFZQ3ZGVitNV3V5CmtLcHZualY2bGI4TVhDWDZFM1pxalBsNnl3YXM0YW91VnZHS2tuc3ZaUmlzRU9mYUNuS0ZHVEhFMlVZYXdLV1BqRDhwcGl0dnM1a28KZTc0eDhkYlVPMWdmZDBFMVRnNSszNDZwU01GdUhmR1BvWVNLYU83cmRFM21JeWlhMHRhc3FFK0FTVldFa2FLQzhtTm11ZjRObDAzegp1SVRFRzFrdlhHcy9pcm9RYTVlYzdFc0pkMy9HMjZlYjJpMlNVZjYzK1NJTWZyS3ErVEVkbE43eUozMHRxcHNvTzY5RWwxSGJwMW5VClBSMlpYQmhEbVE1eHVES0ljTmhhSTlYcGNpcHNnRkRwSjhRRnN0WXJ3UWRmSlRjMHh0eGRSRWpGWTkwVHJDbTVaR0cxSGNDZm9wOUUKbUo4QWVCT0x1dDB5eTc1RHdDc0l3SFRnREZhU0JHdGJwNkVHeGxKeklKYTB1bXZLdmRTLzQrZDhiVVRmd2V6eEtiYUFrdzhGM1lQcApoL3JnTjNhUGhRYUFIRG5Uamh5OXBZYlpQZVdPMXJBakJ1c0dJNndkZDQ4ZlpMSHVUREVENWlUUGlIdkhwc1pUcEFCK1dNZTlWVnZVClRwUVVuR2tCZG5YS296cGFXUUxiQlErQ21HeGNyWitSenJoNTRxcFUvd29DanZoRVZUU05WeW90bHNKTkhrM053TjVMbXVaMm4yN1oKRWx6eGp6YVNkMU5QUFJQc0pkTWFUYlhKRTNmSWdvNTd5ZFMzTEhVa1oxRkd5MzRkREtmSU5aTmNDbGcxL2J1cTRYTXlVeUhlOUp2Zgo4dktaMzRMUHc4eHYwVlI1ajdzSVJRUlI4dUVsM0E2OHB4ZUIwOHE0OUJNOStYVzhxa3hSTk02eCs4Z1ZOOXAvVUlxL3o1cC8rTGwrCk1jNHdXbUdIdytZSVE1bmlOMXhEWmRvZ1VNT0FYUkJRWHBFT2dYQjZ0U3RuOC9PMCtvQ0E5MW5rbU9LZStZQ3dqWG5ydVdvREx4N2gKSGhWcXRxMGszMzBnSElvcHJnOGJlcElveTgwc0NpVk1UbmFlajZqQnNXcngzYnlyQThLcGVnWmwyOHZKZHUvaGVxdjVad2QwVXJWRwo3WGFubENjRThWTDdCaURlbjFMZXg4anBxczdabEpRdzhHRUtjUHp1UEd6R2g1cGJ3TGZvYVRCdDJZQkdHZGloNi9RaDcyemRhdXFzCm5pT2ovTEgvSVNvUmJBRUY4Vk9VcFdEQi9ldWFONGdjZmlZYk43eWNVaVVGWi9ZWnJncG13cUN5Yzd2N3RyZWVTSkd0MjgyTURwekQKWVNESjJadXhGZFgzeVkxZ3Q4R1B3L25UankwYzJvVzNyL2M3VWZEbVV3SG96aHhUMXVwM3AyWlFvTG5zekYrWE5CWFVkVjh6Wk0xLwp2eGNSUXRIOG5kbkx6c201bW1LS2k4S2ticFdPZWx6Z1poQTVJVXZQS3Yzd0Z2R3Awczg1ejF1VGJlTHhNUXU4dXVOSlU2MFFsM0NWCkRsL2VlbXNNL3laa0ttZG5sZDdLYWdRcXEvUkx1a3EvVkZicElBdnQ0bGJwYkRmcUxhVXFIUlNDVTZoS3g1RXFpN0pLcHppVVRWVTYKaU5Ma28xbWxRL0o2YS9GN3FYVGdjMkxlRityaGQvL3hxZEpQcUM3UEt2MDRTejVWZXFKOHEvU1hDZ1JyclMrRm1GS1ZmcmJNVTFYNgpPWXJMV2FXZk00Vm9WdW10RkxjSVhrTG5MeEpLK3FkbW1ySUFxM1RjV3o3bUtoMElGUm5zSWRmb0V0WlYraVZkcFY4cXEzU3ZHN2RLCjU2WjZjNmxLNTNIaG12dkxZdmkxZVFVOHVhTkZWNVdlMTdwVmV0NDVxL1JFNDFicENkUjZqUTBvcWxobGMrYUZPNzYvNlNuWFpIK1EKcCtwWFVTeVZaTzB3R2YzZ2tpVllzV0hXMnRaOWFQSW5SMVVPVFM3K01tazhwbzlyMXZrcDEwRHFFWmh6WXpvOHVtSnBkV2E0TkJKOApGUHRNUlRyUVI4ak1iZTZsbllHSm1QT3pWYUZpNnk3N0k4RVovU1VCSGU2Wmc2d3VDaDJnUWJzUVZJQnVyYm05anZpSHNVcFVmcExTCjc2aE1vaDR6b3lobTBhYWZiZjBjcjNWZVZBeTJPNG9PaXROOGJsRkxhZHRHNmRtdU9EbWpSd3REalJtckk3UTBDMFVYUjNnRGRJWk4KaDBvNHhRWm1kTFphUnA0Sk5RSVE1RG1XYzhONWphRytyL0RydFFFV2NDekl0THZKVmEwY1U3cG1IZXYzTWN2QkR4VXlpeUhndDJRWQpLaE9SZ20wVTI1OWZPZE9IUDFiSWtCUU03eDFhKzl5T1grdVp1NjgxNnNHMGp4bkxVWnBmM1hMemgwYmovcEsyOFV1ZlJPcm0xWnVTCm4zYTBVVkh2Ym8xNGszTWFiVk82Mk9OVC8vejYrOWYvQVJ1MmxiNEtaVzVrYzNSeVpXRnRDbVZ1Wkc5aWFnbzVJREFnYjJKcUNqdzgKQ2k5R2FXeDBaWElnTDBac1lYUmxSR1ZqYjJSbENpOU1aVzVuZEdnZ01UQWdNQ0JTQ2o0K0NuTjBjbVZoYlFwNG5BdmtBZ0FBcmdCYwpDbVZ1WkhOMGNtVmhiUXBsYm1Sdlltb0tNVEFnTUNCdlltb0tNVEFLWlc1a2IySnFDakV4SURBZ2IySnFDanc4Q2k5R2FXeDBaWElnCkwwWnNZWFJsUkdWamIyUmxDaTlNWlc1bmRHZ2dNVElnTUNCU0NqNCtDbk4wY21WaGJRcDRuQ3ZrTXJUVXN6QlJNTExRTXpBMVU5Q0YKMGhCQk13czljeU1UVXppZG5NdWxIMkdnNEpMUEZjZ0ZBRWN4QzN3S1pXNWtjM1J5WldGdENtVnVaRzlpYWdveE1pQXdJRzlpYWdvMApPQXBsYm1Sdlltb0tPQ0F3SUc5aWFnbzhQQW92VEdWdVozUm9JRElLUGo0S2MzUnlaV0Z0Q25FS0NtVnVaSE4wY21WaGJRcGxibVJ2Clltb0tOU0F3SUc5aWFnbzhQQW92Um1sc2RHVnlJQzlHYkdGMFpVUmxZMjlrWlFvdlRHVnVaM1JvSURnS1BqNEtjM1J5WldGdENuaWMKQXdBQUFBQUJDbVZ1WkhOMGNtVmhiUXBsYm1Sdlltb0tOQ0F3SUc5aWFnbzhQQW92Vkhsd1pTQXZVR0ZuWlFvdlRXVmthV0ZDYjNnZwpXekFnTUNBMU9UVXVNaUE0TkRFdU5qaGRDaTlTWlhOdmRYSmpaWE1nUER3S0wxaFBZbXBsWTNRZ1BEd0tMMWd3SURZZ01DQlNDajQrCkNqNCtDaTlEYjI1MFpXNTBjeUJiT0NBd0lGSWdOU0F3SUZJZ09TQXdJRklnTVRFZ01DQlNYUW92VUdGeVpXNTBJRElnTUNCU0NqNCsKQ21WdVpHOWlhZ294TXlBd0lHOWlhZ284UEFvdlZIbHdaU0F2VFdWMFlXUmhkR0VLTDFOMVluUjVjR1VnTDFoTlRBb3ZUR1Z1WjNSbwpJREU1TnprS1BqNEtjM1J5WldGdENqdy9lSEJoWTJ0bGRDQmlaV2RwYmowbjc3dS9KeUJwWkQwblZ6Vk5NRTF3UTJWb2FVaDZjbVZUCmVrNVVZM3ByWXpsa0p6OCtDang0T25odGNHMWxkR0VnZUcxc2JuTTZlRDBpWVdSdlltVTZibk02YldWMFlTOGlJSGc2ZUcxd2RHczkKSWpNdFNHVnBaMmgwY3loVVRTa2dXRTFRSUV4cFluSmhjbmtnTkM0MUxqSTBMaklnS0doMGRIQTZMeTkzZDNjdWNHUm1MWFJ2YjJ4egpMbU52YlNraVBnb2dJRHh5WkdZNlVrUkdJSGh0Ykc1ek9uSmtaajBpYUhSMGNEb3ZMM2QzZHk1M015NXZjbWN2TVRrNU9TOHdNaTh5Ck1pMXlaR1l0YzNsdWRHRjRMVzV6SXlJK0NpQWdJQ0E4Y21SbU9rUmxjMk55YVhCMGFXOXVJSGh0Ykc1ek9uaHRjRDBpYUhSMGNEb3YKTDI1ekxtRmtiMkpsTG1OdmJTOTRZWEF2TVM0d0x5SWdjbVJtT21GaWIzVjBQU0lpUGdvZ0lDQWdJQ0E4ZUcxd09rTnlaV0YwWlVSaApkR1UrTWpBeE5TMHdPQzB5TkZReE16bzFPRG95Tmlzd01qb3dNRHd2ZUcxd09rTnlaV0YwWlVSaGRHVStDaUFnSUNBZ0lEeDRiWEE2ClRXOWthV1o1UkdGMFpUNHlNREUxTFRBNUxUQTVWREUzT2pBNE9qTTFLekF5T2pBd1BDOTRiWEE2VFc5a2FXWjVSR0YwWlQ0S0lDQWcKSUNBZ1BIaHRjRHBOWlhSaFpHRjBZVVJoZEdVK01qQXhOUzB3T1Mwd09WUXhOem93T0Rvek5Tc3dNam93TUR3dmVHMXdPazFsZEdGawpZWFJoUkdGMFpUNEtJQ0FnSUR3dmNtUm1Pa1JsYzJOeWFYQjBhVzl1UGdvZ0lDQWdQSEprWmpwRVpYTmpjbWx3ZEdsdmJpQjRiV3h1CmN6cHdaR1k5SW1oMGRIQTZMeTl1Y3k1aFpHOWlaUzVqYjIwdmNHUm1MekV1TXk4aUlISmtaanBoWW05MWREMGlJajRLSUNBZ0lDQWcKUEhCa1pqcFFjbTlrZFdObGNqNHpMVWhsYVdkb2RITW9WRTBwSUZCRVJpQjBieUJRUkVZdFFTQkRiMjUyWlhKMFpYSWdRVkJKSURRdQpOUzR5TkM0eUlDaG9kSFJ3T2k4dmQzZDNMbkJrWmkxMGIyOXNjeTVqYjIwcFBDOXdaR1k2VUhKdlpIVmpaWEkrQ2lBZ0lDQWdJRHh3ClpHWTZVRVJHVm1WeWMybHZiajR4TGpjOEwzQmtaanBRUkVaV1pYSnphVzl1UGdvZ0lDQWdQQzl5WkdZNlJHVnpZM0pwY0hScGIyNCsKQ2lBZ0lDQThjbVJtT2tSbGMyTnlhWEIwYVc5dUlIaHRiRzV6T25Ca1ptRnBaRDBpYUhSMGNEb3ZMM2QzZHk1aGFXbHRMbTl5Wnk5dwpaR1poTDI1ekwybGtMeUlnY21SbU9tRmliM1YwUFNJaVBnb2dJQ0FnSUNBOGNHUm1ZV2xrT25CaGNuUStNand2Y0dSbVlXbGtPbkJoCmNuUStDaUFnSUNBZ0lEeHdaR1poYVdRNlkyOXVabTl5YldGdVkyVStRand2Y0dSbVlXbGtPbU52Ym1admNtMWhibU5sUGdvZ0lDQWcKUEM5eVpHWTZSR1Z6WTNKcGNIUnBiMjQrQ2lBZ0lDQThjbVJtT2tSbGMyTnlhWEIwYVc5dUlIaHRiRzV6T21SalBTSm9kSFJ3T2k4dgpjSFZ5YkM1dmNtY3ZaR012Wld4bGJXVnVkSE12TVM0eEx5SWdjbVJtT21GaWIzVjBQU0lpUGdvZ0lDQWdJQ0E4WkdNNlptOXliV0YwClBtRndjR3hwWTJGMGFXOXVMM0JrWmp3dlpHTTZabTl5YldGMFBnb2dJQ0FnUEM5eVpHWTZSR1Z6WTNKcGNIUnBiMjQrQ2lBZ0lDQTgKY21SbU9rUmxjMk55YVhCMGFXOXVJSGh0Ykc1ek9uaHRjRTFOUFNKb2RIUndPaTh2Ym5NdVlXUnZZbVV1WTI5dEwzaGhjQzh4TGpBdgpiVzB2SWlCNGJXeHVjenB6ZEVWMmREMGlhSFIwY0RvdkwyNXpMbUZrYjJKbExtTnZiUzk0WVhBdk1TNHdMM05VZVhCbEwxSmxjMjkxCmNtTmxSWFpsYm5RaklpQnlaR1k2WVdKdmRYUTlJaUkrQ2lBZ0lDQWdJRHg0YlhCTlRUcEpibk4wWVc1alpVbEVQblZ5YmpwMWRXbGsKT2pJek56WmlNRGhrTFdNNFptTXRORFJsTXkxaE1ESmxMV1F4WkROaFpUVTJZbU0yTWp3dmVHMXdUVTA2U1c1emRHRnVZMlZKUkQ0SwpJQ0FnSUNBZ1BIaHRjRTFOT2tocGMzUnZjbmsrQ2lBZ0lDQWdJQ0FnUEhKa1pqcFRaWEUrQ2lBZ0lDQWdJQ0FnSUNBOGNtUm1PbXhwCklISmtaanB3WVhKelpWUjVjR1U5SWxKbGMyOTFjbU5sSWo0S0lDQWdJQ0FnSUNBZ0lDQWdQSE4wUlhaME9tRmpkR2x2Ymo1amIyNTIKWlhKMFpXUThMM04wUlhaME9tRmpkR2x2Ymo0S0lDQWdJQ0FnSUNBZ0lDQWdQSE4wUlhaME9tbHVjM1JoYm1ObFNVUStkWEp1T25WMQphV1E2TWpNM05tSXdPR1F0WXpobVl5MDBOR1V6TFdFd01tVXRaREZrTTJGbE5UWmlZell5UEM5emRFVjJkRHBwYm5OMFlXNWpaVWxFClBnb2dJQ0FnSUNBZ0lDQWdJQ0E4YzNSRmRuUTZjR0Z5WVcxbGRHVnljejVEYjI1MlpYSjBaV1FnZEc4Z1VFUkdMMEV0TW1JOEwzTjAKUlhaME9uQmhjbUZ0WlhSbGNuTStDaUFnSUNBZ0lDQWdJQ0FnSUR4emRFVjJkRHB6YjJaMGQyRnlaVUZuWlc1MFBqTXRTR1ZwWjJoMApjeWhVVFNrZ1VFUkdJSFJ2SUZCRVJpMUJJRU52Ym5abGNuUmxjaUJCVUVrZ05DNDFMakkwTGpJZ0tHaDBkSEE2THk5M2QzY3VjR1JtCkxYUnZiMnh6TG1OdmJTazhMM04wUlhaME9uTnZablIzWVhKbFFXZGxiblErQ2lBZ0lDQWdJQ0FnSUNBZ0lEeHpkRVYyZERwM2FHVnUKUGpJd01UVXRNRGt0TURsVU1UYzZNRGc2TXpVck1ESTZNREE4TDNOMFJYWjBPbmRvWlc0K0NpQWdJQ0FnSUNBZ0lDQThMM0prWmpwcwphVDRLSUNBZ0lDQWdJQ0E4TDNKa1pqcFRaWEUrQ2lBZ0lDQWdJRHd2ZUcxd1RVMDZTR2x6ZEc5eWVUNEtJQ0FnSUR3dmNtUm1Pa1JsCmMyTnlhWEIwYVc5dVBnb2dJRHd2Y21SbU9sSkVSajRLUEM5NE9uaHRjRzFsZEdFK0Nqdy9lSEJoWTJ0bGRDQmxibVE5SjNjblB6NEsKQ21WdVpITjBjbVZoYlFwbGJtUnZZbW9LTWlBd0lHOWlhZ284UEFvdlZIbHdaU0F2VUdGblpYTUtMMHRwWkhNZ1d6UWdNQ0JTWFFvdgpRMjkxYm5RZ01RbytQZ3BsYm1Sdlltb0tNU0F3SUc5aWFnbzhQQW92Vkhsd1pTQXZRMkYwWVd4dlp3b3ZVR0ZuWlhNZ01pQXdJRklLCkwwMWxkR0ZrWVhSaElERXpJREFnVWdvK1BncGxibVJ2WW1vS015QXdJRzlpYWdvOFBBb3ZUVzlrUkdGMFpTQW9SRG95TURFMU1Ea3cKT1RFM01EZ3pOU3N3TWljd01DY3BDaTlRY205a2RXTmxjaUFvTXkxSVpXbG5hSFJ6WENoVVRWd3BJRkJFUmlCMGJ5QlFSRVl0UVNCRApiMjUyWlhKMFpYSWdRVkJKSURRdU5TNHlOQzR5SUZ3b2FIUjBjRG92TDNkM2R5NXdaR1l0ZEc5dmJITXVZMjl0WENrcENpOURjbVZoCmRHbHZia1JoZEdVZ0tFUTZNakF4TlRBNE1qUXhNelU0TWpZck1ESW5NREFuS1FvK1BncGxibVJ2WW1vS2VISmxaZ293SURFMENqQXcKTURBd01EQXdNREFnTmpVMU16VWdaZzBLTURBd01EQXdOekl3TUNBd01EQXdNQ0J1RFFvd01EQXdNREEzTVRReklEQXdNREF3SUc0TgpDakF3TURBd01EY3lOallnTURBd01EQWdiZzBLTURBd01EQXdORGt5TmlBd01EQXdNQ0J1RFFvd01EQXdNREEwT0RRNElEQXdNREF3CklHNE5DakF3TURBd01EQXdPRGNnTURBd01EQWdiZzBLTURBd01EQXdNREF4TlNBd01EQXdNQ0J1RFFvd01EQXdNREEwTnprM0lEQXcKTURBd0lHNE5DakF3TURBd01EUTFOVEFnTURBd01EQWdiZzBLTURBd01EQXdORFl6TlNBd01EQXdNQ0J1RFFvd01EQXdNREEwTmpVMApJREF3TURBd0lHNE5DakF3TURBd01EUTNOemdnTURBd01EQWdiZzBLTURBd01EQXdOVEE0TVNBd01EQXdNQ0J1RFFwMGNtRnBiR1Z5CkNqdzhDaTlUYVhwbElERTBDaTlTYjI5MElERWdNQ0JTQ2k5SmJtWnZJRE1nTUNCU0NpOUpSQ0JiUEVSQk1qazJSRE5GTmpKRk1EazIKTVRJek5FSkdNemxCTmpOR09EazFSVVl4UGlBOE5rUXdSVVV6TmtNeU9FRXhNVVV5TURGRVEwSkRNakF6TTBZME1UQTNPRFErWFFvKwpQZ3B6ZEdGeWRIaHlaV1lLTnpRMU5Rb2xKVVZQUmdvPTwvZHM6T2JqZWN0Pgo8L2RzOlNpZ25hdHVyZT48L1hBZEVTU2lnbmF0dXJlPjwvWEFkRVNTaWduYXR1cmVFbGVtZW50PjwvU2lnbmF0dXJlRWxlbWVudD48L1NET0RhdGFQYXJ0PjxTRE9TZWFsPjxTRE9TaWduYXR1cmU+PENNU1NpZ25hdHVyZUVsZW1lbnQ+PFNET1Byb2ZpbGU+U0VJRC1TRE8tQmFzaWMtVjwvU0RPUHJvZmlsZT48U2lnbmF0dXJlUG9saWN5SWRlbnRpZmllcj48U2lnbmF0dXJlUG9saWN5SWQ+PFNpZ1BvbGljeUlkPjxYQWRFUzpJZGVudGlmaWVyPjIuMTYuNTc4LjEuMTYuMS42LjEuMTwvWEFkRVM6SWRlbnRpZmllcj48L1NpZ1BvbGljeUlkPjwvU2lnbmF0dXJlUG9saWN5SWQ+PC9TaWduYXR1cmVQb2xpY3lJZGVudGlmaWVyPjxTaWduZXJzRG9jdW1lbnRGb3JtYXQ+PE1pbWVUeXBlPnRleHQvcGxhaW48L01pbWVUeXBlPjwvU2lnbmVyc0RvY3VtZW50Rm9ybWF0PjxIYXNoZWREYXRhPjxkczpEaWdlc3RNZXRob2QgQWxnb3JpdGhtPSJTSEEtMjU2Ii8+PGRzOkRpZ2VzdFZhbHVlPmt2emlnZVFJblUybllMNXVwQUxFTlRsaXhDR3Q0WXk1czNXSjlQbEpoZ2c9PC9kczpEaWdlc3RWYWx1ZT48L0hhc2hlZERhdGE+PENNU1NpZ25hdHVyZT5NSUFHQ1NxR1NJYjNEUUVIQXFDQU1JQUNBUUV4RFRBTEJnbGdoa2dCWlFNRUFnRXdnQVlKS29aSWh2Y05BUWNCQUFDZ2dncmpNSUlGRkRDQ0F2eWdBd0lCQWdJREF1ZW1NQTBHQ1NxR1NJYjNEUUVCQ3dVQU1GMHhDekFKQmdOVkJBWVRBazVQTVJVd0V3WURWUVFLREF4VVpYTjBRbUZ1YXpFZ1FWTXhFakFRQmdOVkJBc01DVEV5TXpRMU5qYzRPVEVqTUNFR0ExVUVBd3dhUW1GdWEwbEVJRlJsYzNSQ1lXNXJNU0JDWVc1cklFTkJJREl3SGhjTk1USXhNREF5TURreE5qRTBXaGNOTVRZeE1EQXlNRGt4TmpFMFdqQmtNUXN3Q1FZRFZRUUdFd0pPVHpFV01CUUdBMVVFQ2d3TlRtOXlaR1ZoSUdVdFFtOXJjekVTTUJBR0ExVUVCUk1KTVRJek5EVTJOemc1TVJFd0R3WURWUVFMREFoVFpXTnZibVJQVlRFV01CUUdBMVVFQXd3TlRtOXlaR1ZoSUdVdFFtOXJjekNDQVNJd0RRWUpLb1pJaHZjTkFRRUJCUUFEZ2dFUEFEQ0NBUW9DZ2dFQkFJOTFsUUQ1VmxLZ0Q3NVAvSjlGMDIzYktvOWxoTkFXcDdyRHV5YmFJRVZXVlJpMDVTTm5YVGx3eFdxQUhLelFYSjlnVFBXTjdWaW5nbFJ6MDdFTlE1UlNIT283RzAzNjE3WTc5SVBBNWNBQ2E0WU5tNXNGSjlodE1OTUladXVtdmhqa0RMd2kvUGp3bmpmSkFCYlZibU9zbjEzRWtLTnljYTFWMVJnc3dmaVllSXp3c0NNUWNFRFNRZ1dwRlhaMFhQVnBzNzJjdXQ5RUhmY1lSTWVZYThlZ3lkMHM0U0JpdC9EMzBCdFBVcTNjSXF3dVRJbnl6dFNrS0E1am1NcXdkQ2NzL1krLy8zQ1FtY0RORlY2K0tXU2RZaWE0NnF3bmIrRGJYempFcjZFc3ZxTVBWWmxYTVlTVXFURW8yWkRDWE9sNHl0aG9BTEF1Tm9mZWZhQkFLYlVDQXdFQUFhT0IxVENCMGpBVEJnZGdoRUlCRUFJQkJBZ3dCZ1FFT1RrNU9UQVlCZ2RnaEVJQkVBSUNCQTB3Q3dRSlZHVnpkRUpoYm1zeE1Ea0dDQ3NHQVFVRkJ3RUJCQzB3S3pBcEJnZ3JCZ0VGQlFjd0FZWWRhSFIwY0hNNkx5OTJZUzF3Y21Wd2NtOWtNUzVpWVc1cmFXUXVibTh3RmdZRFZSMGdCQTh3RFRBTEJnbGdoRUlCRUFFR0FRRXdEZ1lEVlIwUEFRSC9CQVFEQWdaQU1COEdBMVVkSXdRWU1CYUFGTEhuS2Q1MEorM0IrTU1adUNadlhuTTdYaWIrTUIwR0ExVWREZ1FXQkJSU25hOTJObEFJT1VRcERwZzRXNDBha2V2MzF6QU5CZ2txaGtpRzl3MEJBUXNGQUFPQ0FnRUFmQUV5Umh6Rjg5dVJjVDMrQ3RrOG15Z0p0Z3BaT1ZpTVdSYmxyTmpVMDlJYkNDTStRakRaeEhUY0l4YkxKanBVbGRXcGdyZWRLZ28xcGlsN2tCelBIQXdaKzdWZ05MOWtmVDNqWGUrTjFBa2hjQU1lVjJaZnBrNkZkR2lSRW9sSnRGRXpTVDh3VDZjc3JFUmwwNTk1T1VabGloQmlIOTEyRElkZ2tVRGdYVEM2VTdVeFRkQUM0bzdzZEMraUxaOE1QR2pwbHYyNW9td1pFamJLZWlKYzBqRzFVUkJmVmp4Rzl5MlZvODYrSkJtUVlrZ01BcGUwUHp6KzR5TTVDUGRlYXVWR0VybjdoVHNLOG5mSFp3ODVhTDNYVG9UYWdqcnJOMDUrdGhGV2crNGY1Z1dxck12eWEvN1ZiNkNTSlp0dFJQWjRWVndxU0hYTVNGb1pBNURWN0ZIMnlScEFiTDF4S3Jxc3ZUT1ZCTm9DT1lnejZ4N25TR0VZMC9LNFlIQXNLZ2k1SnE1SWQxMjlCdzJYRzRTV21LeGM1SDRqTTFHZzYvbEt3WHhMaW1mSE1idkptblFHVklBekJITGVzMStua1RRNGtWVWhRK1pqYnRsSVQyL3gyRHQ2QUxsRFZ0SWpIdWtNM1hkdElwNGJpSFRPbnZPL3V2ZHVrMUpuSGFVcUNNcHlONXZVOHdTNjZnTG1EQmJOUFBuQWRRM1VDdmtSZzhHVzdKREg2OFpkTWk1RnBvcEc1cGZaOG5mKzMxdzgzcGpiSitmaVQzT3BSZ3RrQVRjQjlhSXYyWG40SnNHT3FKQzNGWGdDY29QV0sxNlAxZEhhLzhKQnpWR0dyYXhqY2xWNVppRlhmdjRBQ3ZDZ3lseHl5SlhzWnNQcTBmcXQ0OEY2cko3b1hrc3dnZ1hITUlJRHI2QURBZ0VDQWdJQXl6QU5CZ2txaGtpRzl3MEJBUXNGQURCeE1Rc3dDUVlEVlFRR0V3Sk9UekVxTUNnR0ExVUVDZ3doVkVWVFZDQXRJRVpPU0NCdlp5QlRjR0Z5WldKaGJtdG1iM0psYm1sdVoyVnVNUll3RkFZRFZRUUxEQTFVUlZOVUlDMGdRbUZ1YTBsRU1SNHdIQVlEVlFRRERCVlVSVk5VSUMwZ1FtRnVhMGxFSUZKdmIzUWdRMEV3SGhjTk1Ea3dOREF6TVRFeU9UUXpXaGNOTWpFd05EQXpNVEV5T1RReldqQmRNUXN3Q1FZRFZRUUdFd0pPVHpFVk1CTUdBMVVFQ2d3TVZHVnpkRUpoYm1zeElFRlRNUkl3RUFZRFZRUUxEQWt4TWpNME5UWTNPRGt4SXpBaEJnTlZCQU1NR2tKaGJtdEpSQ0JVWlhOMFFtRnVhekVnUW1GdWF5QkRRU0F5TUlJQ0lqQU5CZ2txaGtpRzl3MEJBUUVGQUFPQ0FnOEFNSUlDQ2dLQ0FnRUFwb09oaTN2L2s2NUxlN1dpRUpUdk9BT3lxWFFyMWQyZ3ZNWjFIcHBHdUJOdHgwNENXbXRUUHpSRk1nRDZJTytLalZnVUZRTUF1S1liY3dHS2RWbDNUbS9WbWxhOS9GbzhyMUhNRmN1UFRuanNMT2tZcXNkbFI3VU1CeFhla3RPQ3RiZVpxaHNRUnBjaS94Ukt6Z1BSYTVRNGV4cVpVWHd4ZkFVSnp5MlVRNkg1OTVxS2JxcGo0b2RqTzkzbXQ2b0IrWWV4MDdmOVZBckpGY2tXM3lkN21CM2k5MFJCYllOa0k4VkhKTmJpVDJYdzUzS2NJcCtmRnVHZHBUVlVZV0N2L3Q0aHBQVE9tM0JqRGNLUXJuejl1Y2ZUbnBpbkZlWVltN2ZsM1QwR2F1YzNVNnB0U1dCcUZYMHRoQ3UzVlJwSWNKYXoyNU1sYlEyMFNPRkhNeUhtS256NWNRTmtJRkw5UHBlL3UzZjQ3SG5QZUZxTlBHL3ZRcVE3K0NPQUxvNFo1WURwN1o1UUtTWVNPL21WME1nR250VThraHcwQk5EMDJackdGcjNJQ3poU2tOS3A1Y2JBMjRMV1ltTmI2R0ZVdXdUN2tKbjVtUjNiTlBKZXI0V29MTjl6bVNnbVFJTHhZa0NGTlcwK1NHd1VlSDc2S3NNR21XeUFBb3VINExwRmpmSGl1NlpkVmV5UjFrR3hteXFiTlBWRUtUR2N3YmVlNmZnWGNseTNxakxyY1hKa3psWUh2V1g5Q1B2Sk1ybi9vaEtoaTdLS0R5a3grUGx5R3czRGVFU3RDVUFEYmNqL0VVbUZvWmd1c1ZqdTRJb0t1cWx5L2lrRHBRS1NQcHEvOElkTFVFdXI2dWdtcS9zT1Baei9kbGtidnBNV1c1UEd1UWJiR1FiVkpmMENBd0VBQWFOOU1Ic3dFZ1lEVlIwVEFRSC9CQWd3QmdFQi93SUJBREFWQmdOVkhTQUVEakFNTUFvR0NHQ0VRZ0VRQVFNQk1BNEdBMVVkRHdFQi93UUVBd0lCQmpBZkJnTlZIU01FR0RBV2dCVFRSbGNyZDlKaTcydk1NOGNjWEg0emxTcWlIakFkQmdOVkhRNEVGZ1FVc2VjcDNuUW43Y0g0d3htNEptOWVjenRlSnY0d0RRWUpLb1pJaHZjTkFRRUxCUUFEZ2dJQkFIa1NYUFZiSENNK2R1RE5IekE1eng2R0lqdHEzZS9TbmlZZWJBdVBGRHJ6cXZBNm8vdFhYV1ZSWHdyWU13V0kxMHBtaXh4SHdVZnc3eGlCRlVIVCsyaWlIeWlnYWhpS2N2djVYUEdJazVhTkF0SWtGK1ZJOFRDejJOcXVwWTNYT1ZnVFRVRkJpNFpsSG1PczBsUERpQjhzRnJjT3U0T0tWNjN5ditEVXlMMUdyemtVVnNwN1ZsdTd1djJ0d2djQXBQWWtNZS9IdkpzL3BLTHVQeGRhQlhyV0lRMFUyNXdNUyt4SE4ydFZXcVZucjVad0U0R3k2blF0bFNiZWFZdjFzMDVnR2hhUEVRSVFrRHY0UnRrVm50ZERlWlFJUmxWT25VWTJTR0N4MjlwNlcwZUNsMkl4Q1dINHhHVnJpU2tqTVVpZGNOK2RhakoyL1pUL3ZUM0ViWjZuSGRKMGg5Wm00SjBqenpGcWlTUlAwZTF2ZWZjcXVIVi9GUkh4QTlOdXMxZHVaWnR6dmIva1pwNUpvU0NqYkZhbVBjUzkrUzRPbVNDelR5V3RoaFNYQlJKSGFoMTRYQTgxNFlVa1FCcEtHSDRTbXh2Tzlpb216empBNUVIeGhENnc1R21tTzBxQzdIUkJzVEVhcjQ3RzRvTlFuM0N6d283TFhzMS9YMXpLNUlQT0pTTGptWDdhU0RJVitEV1d5UzlwSkVwT25acG90VHdTV3RIUVpyMnVFSmFtb3h4bE4yOHNQY3A0aHZzay9jWlZRTk84QmpEK2w2d1NwNDFyMTZaSlhRRlRSbXBSYWl3ckh3Qm1oSng4RW9EeUtIbEF2SEprK0NVSm9keEdsWFBBaVNaV3YrSmZteVhJYlgxUjZoQU9maGhyaEo2bVl3cE5rZjYremQrTE1ZSUNYRENDQWxnQ0FRRXdaREJkTVFzd0NRWURWUVFHRXdKT1R6RVZNQk1HQTFVRUNnd01WR1Z6ZEVKaGJtc3hJRUZUTVJJd0VBWURWUVFMREFreE1qTTBOVFkzT0RreEl6QWhCZ05WQkFNTUdrSmhibXRKUkNCVVpYTjBRbUZ1YXpFZ1FtRnVheUJEUVNBeUFnTUM1Nll3Q3dZSllJWklBV1VEQkFJQm9JSE9NQmdHQ1NxR1NJYjNEUUVKQXpFTEJna3Foa2lHOXcwQkJ3RXdHd1lLS29aSWh2Y05BUWtaQXpFTkJBdENVMU1nUTJoaGJtNWxiREFjQmdrcWhraUc5dzBCQ1FVeER4Y05NVFV4TURJeE1USTFNREEyV2pBdkJna3Foa2lHOXcwQkNRUXhJZ1Fna3Z6aWdlUUluVTJuWUw1dXBBTEVOVGxpeENHdDRZeTVzM1dKOVBsSmhnZ3dSZ1lMS29aSWh2Y05BUWtRQWhNeE56QTFNRE13TVRBdk1Bc0dDV0NHU0FGbEF3UUNBUVFnMzA1bEUzdUZCeG93cElxNS9QRkZhdTg5aG9YeXpTVGI4N1o4dU9hMkhWRXdDd1lKS29aSWh2Y05BUUVCQklJQkFDd2F2bXBieDJGVEVRaGI3NXlmZjBIMERXYitaWEJmMWlVZkJwOWZGMkVEc0xSWHJOWUNBd3dpb3cra29WRjZnUkJUdXptS1lKbWtSYStBQnVoY2gyQ21uRXRUK2xtTDk0U2FrT2dldVFTeFI5SU95Z0ZzZ0NXSVFiR0JWV0ErRlF1S2lraHRVUXRXWU1RN04xcGZLVnZGQmFISTRVSkhGMXhISStMQUZ5NmN5T3g1RjNpNFEreitpMEdVNVYzOGVmK29iaVVoYWdPUys0ZmdPNC8zZ3pEZG1hUlZROEl2WXJVVnQ0akQ5U0FVa2lOb1c0a3p5K0ZYcGJibmtyZHpjeWZpTmpRRkZ0N1hSeFlLdk1Ma2pjaC9tZlQ2dWtPR2xuSERmbnN4S0NWSXZ4TWpCclZNV1pNK2R1Z2JuakFUZ3hneU00aFp0Y1BBb1RZZVlxVWNpQVVBQUFBQUFBQT08L0NNU1NpZ25hdHVyZT48VXNlckNlcnRpZmljYXRlQW5kUmV2b2NhdGlvbkRhdGE+PFJldm9jYXRpb25WYWx1ZXM+PFhBZEVTOk9DU1BWYWx1ZXM+PFhBZEVTOkVuY2Fwc3VsYXRlZE9DU1BWYWx1ZT5NSUlHOFRDQ0FRYWhYakJjTVFzd0NRWURWUVFHRXdKT1R6RVZNQk1HQTFVRUNnd01WRVZUVkNCT1pYUnpJRUZUTVJjd0ZRWURWUVFMREE1VVJWTlVJR1ZUWldOMWNtbDBlVEVkTUJzR0ExVUVBd3dVVkVWVFZDQkNZVzVyU1VRZ1RtVjBjeUJXUVRFWUR6SXdNVFV4TURJeE1USTFNREEyV2pCa01HSXdPakFIQmdVckRnTUNHZ1FVRnZXT0N4dEFQKzRycjE2SHZyczhOVG1uc293RUZMSG5LZDUwSiszQitNTVp1Q1p2WG5NN1hpYitBZ01DNTZhQUFCZ1BNakF4TlRFd01qRXhNakEyTURkYW9CRVlEekl3TVRVeE1ESXhNVGcxTURBMldxRXRNQ3N3S1FZSkt3WUJCUVVITUFFQ0JCeERVbkpHTkZaclFVaERlWFZZU2xkeVRsRlBjVnB4V2taelpHYzlNQTBHQ1NxR1NJYjNEUUVCQ3dVQUE0SUJBUUJXQ0FPVlU1c2x5NU9xZG1KblllYklQOXI1VmRPT2hwU3d0V05ZTXBYcCtaNVRoUTlOSTgrQ1lMdk1ubXdCYmgybEFZUTF2akhXa0FYL0FqZmgyaXBNc3hkQmRxeHlVOXc2cXlGWG5hdERjRnRaNTg3S1BTYmtQU2dOek9hb2FDOHBkZzZuVG5rVlo4TXhHKzhYSW90cFRuTTdGRDJiMEh5U3FWR0tjbWpCaVgxK3dmdWNlYnRhcmw4WnZOMnRnRzAvUzFRRDBjUUttWFU2R3FYZXBGRmxJSHF5a21RelVrWHBjRDRMMUE0cU1GS1ZicjhmclZGVCt1c0JOcDRaSmdTaENHVEZiVXJwQzlJcWZuYTFtOTdYSEdjZVdlOWkxempMT2J3dkxpei9MOTV5SnpocUwwcUQzdXVMTFVjb21ES2lBN2RiM0ZZcjlYcFUrNEFUeEFxRG9JSUV6ekNDQk1zd2dnVEhNSUlDcjZBREFnRUNBZ0lENnpBTkJna3Foa2lHOXcwQkFRc0ZBREJ4TVFzd0NRWURWUVFHRXdKT1R6RXFNQ2dHQTFVRUNnd2hWRVZUVkNBdElFWk9TQ0J2WnlCVGNHRnlaV0poYm10bWIzSmxibWx1WjJWdU1SWXdGQVlEVlFRTERBMVVSVk5VSUMwZ1FtRnVhMGxFTVI0d0hBWURWUVFEREJWVVJWTlVJQzBnUW1GdWEwbEVJRkp2YjNRZ1EwRXdIaGNOTVRVd01USTVNVFF3TVRJMFdoY05NVGt3TVRJNU1UUXdNVEkwV2pCY01Rc3dDUVlEVlFRR0V3Sk9UekVWTUJNR0ExVUVDZ3dNVkVWVFZDQk9aWFJ6SUVGVE1SY3dGUVlEVlFRTERBNVVSVk5VSUdWVFpXTjFjbWwwZVRFZE1Cc0dBMVVFQXd3VVZFVlRWQ0JDWVc1clNVUWdUbVYwY3lCV1FURXdnZ0VpTUEwR0NTcUdTSWIzRFFFQkFRVUFBNElCRHdBd2dnRUtBb0lCQVFEQTRiam9MRWFDS3lQbzIrdlZQWklFYjFiZnQ0TmQ0em9DRnI1L2RqM1lnTmN2YktESk5vZ1VlZS84U3ppcE4zelNQa0p4VS9iZ2Zlam1XWEgyWm9KeWtUS3R2ZjNwNUhRV1FqNDdVbHZQaWFtYzhkK0dmY3FVVHVVOHdBTlFZb2JQMWlnTGNIcnY3N0xvN3o3Ym5EMG9lS244Q1llT2VmVzZrcDB3Sk1CeW5uYlQ1NlFPNWtWYWNkT2U1SHpHMGNuQ2p2b3dWWWx1WUpFd0hxdEdkOTErNCtLU3VQQzJYWmlaRmxUYXEzYTlHNExnUDBseC9naHEvaU1RK3YyOVFYRzc5RVVkSHdPUGI2VWEzRHJIeTdjRFdDRUR4Snd3eGR2cHdUOTVWa3dSOG9oblNoRXBGamNGRVRZMEtRWkFZb09SdGswUWdXOU5sUVFlVWdDb1VEL0RBZ01CQUFHamZqQjhNQlVHQTFVZElBUU9NQXd3Q2dZSVlJUkNBUkFCQlFFd0RnWURWUjBQQVFIL0JBUURBZ2JBTUJNR0ExVWRKUVFNTUFvR0NDc0dBUVVGQndNSk1COEdBMVVkSXdRWU1CYUFGTk5HVnl0MzBtTHZhOHd6eHh4Y2ZqT1ZLcUllTUIwR0ExVWREZ1FXQkJSamRTSmQvYkNKME8ycGV4ZGdjZUFOQ0E1WXF6QU5CZ2txaGtpRzl3MEJBUXNGQUFPQ0FnRUFNd29KcVJ2VWZLbUZOTDlUTmx3NmlqWFhxbDJkOVBZVitJbFI1OFF3bm40WVFlblEzSkZ4SWtyNWdsL2srRnBFMXRWY3ZhT3IwZ0U0ajZBTHpONkhBL2kvYi85K1ZZVnlvT1YvbkR2Q1hsSUFTdWdWUmtHa3crMW1aU2cwaTMyYkJsTmlQQ3BGSjhyMzRyVS9VcUZDcE9Vak53c2JBQUhFWWN6SFZTeHAxaTBPZUl1MkYvZE50RGFsZ3FwOU9XNlFzNVpQdkQyZjV4SThYY2RSRm1QeDJ5Q0RGSEtTc0l1SjYzTEVzY0FDV2V6OHNrcWswcEEremlobDhuRi9IbHZuUnMwM0Frd3lBZHlUWHdtVUg5VGIxcURHcGhCbkVsZHhIb05uZ0ViWE9IVHgwNG1IVFgvOE5aZUR1SmdvV0lqVmZKOFBhdUJ6RnhwajhuM2F6c1hJM1JLd0N1d2JhRTlCSThpZHdEclFlWFNsZ2dJTXhMRkt6SkROcW1CSXdwVjkwV3dINmUxWWVITUFlMzVsaTRtY0JKTS9BWC96Q2RIaFEvUHByTUkwaHpMRUZFNHNtS1kwcFpkS1RnVXZaTU1iRXl0SnJ4UVlOSzhrZE42K21mN2pzbjBSZjU1UWpJN1RjOG5QcUp1eHJTT0NaYmM4QlNRdUhkRGkrdTlac2RiMEoyWGhPSUFvUmgzVTR6aDYxU0JTbC83VjgzQzZSU0ZUbkJzWXExTTVyd0tPMUsxc2ZuWW1TTWp6OXlMekMwRUpRbnd6NHU5ck85ZlppUTJpclMzTE9TdDMzakZTSkl1T0JkNUZaVWVKNTRQM3JlTUZ0UkFqbWpodkY5YkNwNXpkVUY2bjZoTFZVWmxqVFFaZFljcElKVDNCN0xOWldxdVhSTGtwenpDcWFHQT08L1hBZEVTOkVuY2Fwc3VsYXRlZE9DU1BWYWx1ZT48L1hBZEVTOk9DU1BWYWx1ZXM+PC9SZXZvY2F0aW9uVmFsdWVzPjwvVXNlckNlcnRpZmljYXRlQW5kUmV2b2NhdGlvbkRhdGE+PC9DTVNTaWduYXR1cmVFbGVtZW50PjwvU0RPU2lnbmF0dXJlPjwvU0RPU2VhbD48TWV0YWRhdGE+PFZhbHVlUGFpcj48TmFtZT5NZXJjaGFudERlc2M8L05hbWU+PFZhbHVlPjwhW0NEQVRBW0p1bmlvcmtvbnRvIC0gQWZ0YWxlXV0+PC9WYWx1ZT48L1ZhbHVlUGFpcj48L01ldGFkYXRhPjxTaWduZWRPYmplY3Q+PFNpZ25lcnNEb2N1bWVudD5KVkJFUmkweExqY0tKZUxqejlNS055QXdJRzlpYWdwYkwwTmhiRWR5WVhrZ1BEd0tMMWRvYVhSbFVHOXBiblFnV3pBdU9UVXdOU0F4SURFdU1EZzVYUW92UjJGdGJXRWdNaTR5Q2o0K1hRcGxibVJ2WW1vS05pQXdJRzlpYWdvOFBBb3ZWSGx3WlNBdldFOWlhbVZqZEFvdlUzVmlkSGx3WlNBdlJtOXliUW92Um05eWJWUjVjR1VnTVFvdlFrSnZlQ0JiTUNBdE5UQXdJREl5TlRBd0lERTFNREJkQ2k5TllYUnlhWGdnV3pBdU1EQXhJREFnTUNBd0xqQXdNU0F3SURCZENpOVNaWE52ZFhKalpYTWdQRHdLTDBOdmJHOXlVM0JoWTJVZ1BEd0tMME5USURjZ01DQlNDajQrQ2o0K0NpOUdhV3gwWlhJZ0wwWnNZWFJsUkdWamIyUmxDaTlNWlc1bmRHZ2dOREkwTndvK1BncHpkSEpsWVcwS2VKeHRXam1XSlRtTzFQTVVjWUdPNFE1U0xyMlZPa0tyMWZKY2Yyd0IvWHRranBBdmlTQklnb2FWOEYvTDEvLysrcCsvL3Y3NjYrOWY1WHQrL2YzWHYzL1ZQci9LMTMvMWZ4MXJmZjN6cTljZnd6TUtSK2Q4MWRManUvZXZXY0JROXZwYUlEVDR6NitvOVh1RnFkZ0ZneWprM1gxejNRSExQZ3ZEc3ZubjQ1M09tbHgxVnZzNnRZTG5iUDE5ei9XdHZVdjVpZ2dQVm5Sd2FFaUpkdnY4enltUFltRjE4ZEZOUjhXcVgzdFJnR2hOaDFaTnIyVVJldjJha0l6Ly8rZlhIRTBDZ1JnbnVlTnJqUG0xTjdmb1IzdnVwZHYyaGIrM3diOTBzRkJTc0RTTTJ0RTg0RnZMOHhqT3pTTTRvdHhHSHYrdnRiNGhYNFdjME1QQ3NhQ2FaaUJOYVYvLzJ0L2dBUXFRazNQL3FnUGorWXdCeWpqMUcvdHBab3lpbVo2clJobmFuOExWdmpZSndLKzVQanJYUVVhVFRiTm5pN1VPbm80LzRsL1JhYTMwWjl5bHNFdWRKb2xyakQrcFdwYklaUDJkSkdBZ3g1NGlSKzl2TXBrdlNEL0pQQ2Q1ZjFLOTFCZlZ4dkVWeDlZVlcxMUpuK0diTmQ1bUZ1RllaWWE0NjZSWkU3dHA3dGtzMVJLWUUwaVRlKzdraGxrUXNVbjlZQXR5VHVsbmxZZXFxeHRYMlRoV3ZmVC9uMSt0OWY0Ti9HME5yYzFEaXZkcXJaenYvckVHM0VDYzFIbXI3UmxqandLQmxxMmhGWnpNbVdzTko2cjIxd1ZPbnlTdU5kQXoxc2NhOXRHc3JXSHYrdDNUR25ib05GbERqdE1ha2twTnhLaC9VbGVGeWZvN2FXdkFGWnBJVzhORG12a0I2U2ZwY3k3dlQ4cldjS2xyRGFCMXhXc05yYXpxbXpYaHVJVGp0WVpXWWh1N21kekhVc2thV3FXT1A5WUFuV3doTnFtZk9jUXBhMmowaTZTZ1ZlT2ExdkRXUHpnSHdtV0Q5a1lKbWtPUzk5NHoydjlEbmpaSUxTanpJSHdIcnJOd1BEYXNwU3A4dFNqZEN4RzFjRXJNU2xaY1FDR3ZiUzlWTUc5N0YvTXF6cmNUbjdsZVpoS3JPZDYxNUsxTGtXNERaa1Qzb3dqWXFQK3ZnNk5GQlVEOTJwWEcxYkVRak5FOTFUdmNDbFpZWHRSVUNrbGk5SnlpdmVLL2xqc0NTYWgyS2doMzduaDEwYWt5bkYybE55eXJGTk9jcFlVZ3JsL3R3Q3c0QklCdHI3aGozSHFYaHdKYTNRc3E5eGFhVTdjVzU1cEJTUHF4T2hjUUJ4blY1TnhXWUMza1RVcmEvZWVuc3FWT1NZbVFROVVuMWJjMU9JLzJiZGMwcVdGTXR5YkREWVFLNm51bVdVY3MwYnJZdExTK0dDTkFVcjFBTlZybGNJRDRYTHluY0VJMDV5eFdBTUN4Skl3YzMyUEVRbkdaV3NCYnVGZGRTZWRyUjFub0hrUElJd0hRUWdVazBTODg0QXhlYXduamsvYTUxek1UMkpIamNuaHA2V3QzK2Q4cVdoK3VLUzVneTZuNmpTYU9uaWRRWk5Dbk5Fd1A2cHR4K1RVbXl6OGY3aHlXdXd6aDQzSytodVhEeDdvcFlBa3dIQ3B4TUJWMzVod0dvekhIZmxHVmhZUVlmNndTSDY1L3QyRDhYbmNSMHRQOFVHUFJ3UDljQmI0eEVIRWtPSllncGR4YlRyandpeG9NVENoM0RvbUp0QUNRbXc1aXFnUDZjalY0NDRSak1jWE9KQmtJc1k0bU1JTXg5Tm55UUl5SFFreWFZbHdpdEVrYmpQQ3JTYXd4Tm9sUlhsdkFvOTVidEx3S2hvVytwaUU4aVh1dHZrUU0vbjFYYW15dTNpN1QrQ3c5U0ppdWZCZGRhVDdieHg0djZreXlHWkJBVkNNR0FnUUViTzhCSkZnYXp3ZVFLTkRTVEVDaUNidmNNZ1pLaUE4MWRad0JRZTNLVFF4SUxJbGxRSUpCK0ZtMG1iVStXMFJlaGJ2MWRZZDljUzhERXIzeDd3WUVsWHBOcGdjRjdEa0tYRk9BSU5ZaDJEMkhOYnJpUTQxT05nT3lCd3FFbG9DQWlPLzlBTElud0dvUElBZzZSZXNJeUE1aGQ3YzhjSXFIT2tYSEdSQkVCbTVpUUZDSWgyWUlDTUxXYXd0bzZiMUZ5NnR3dHpwenVEY2pVd0lDT1BsM0E3TG5LWmRwZkpZR0l1TVdJRG0waXgrR3FkK0lIL3lvWlVwRG1WRnYxcjdrclhUS3dLMytJSjIxbVpFSHRtSFd4amd0MDFrYnZnTzdyamRyZ3p3ODhXWnQ3S2VseXN6ODR4Q3ZzamIrcTYrNWZVdzRhOWR5bG5tVnRaR2JPcTBpMHpiSXpXTXliOE40V2dXekV6ZW9TY3ZLekYxVjhkZWJ1aS9wM0gycFRONWNTdFBQN0YxSlk5YnBHNGNHOTMwcTYwcDMyemVCUStKQjVzUUI5a1MwZVlNNG5VTmdpWEd0T1NiVG12V1pRWERXZ2t6Z0JQWVFBSFB5RGJCdkFnZllRR25mQkE2eVM1ZEs0SmZLalAxRDc5WXNwWFFDdjFRbWNKQ0QrOTRFYm1YWFRPQVFRb0huSm5DcVNnRkE0cThqYWZOaUVaY0NFaU8wS2k1TVpXaFA0M1FXSFo4SkhHUFlmRlVDdjJNbjhFdGxBdWNpWGlrVE9IZWtzVHFCMHpLS3RGTE42OWpKTk0zblB6RStxYUxWeXpNenNlTlVBaWZXMUpjVE9DSGgra3pnRjdCTTRHODB3WXRhL0tSNzNqRWVzMFFkQlRYM2IvZlJqRmNOb1pUbWEyeUNualpSbHlEM0RBSEd1SENWbGpFN28wYTBTNHpZOGxIaldrZWoyQS9PdGU5T1hRNjlnU0NIRkExQks1OHozS1Vab1NTUmRjMG9paUdwNmlWT1Iyb2NCNCsrTGpZcWxVaFYrdXdsWUlOR3lCU3RjanQ4bjVLWmpFZXRMVnVReHlOMFB1NVB4dDMzRXczMHpIdUZrVXJmZXQ0R0lITTZneEFlZmZUTXMzdVNpeUljRzA5UzJUMnFyU0htL2tFV2F5bjF4emJCckNWUitlOUQ5VE4wd1NPVGJSa0cyQUc1RlNtdU9NY1BOVVNqNTFacitwenZXK1hpanJHdisxVEhEcmdXeCtMQ0k4elNUNFdnbmUvZlZtUXRVTzR6bmpXdFQ5UmFKVUZRNUEyYjI1SHllcUluTHo5OEtldUp1OW42a25nMXgrUmlxTG96YXlnQmxQR2ROeTdhemlGMHFrSUliR1FiRlZRTFQ3SVhtZGFsNTJBMjkzS2NEM0hZYWYrRHV1a29XWDhuOFlCNms5U2tiajVscXJXZGsvUmhqS205Qy9kR2k2Um5ia3VJV2tKcGUxeGpXbHZialNFY1dxaE9nYmZsN3JGdFRvY0JiaTlQSG5sWlF6MmdyVFNIN0N0aTgrelNoM2ZwYmxBVk9VS3ZOa0krWU5YSGNQSkRPSlJyb0VRaVVTeCtrNSswYmZ2MTNPYno3RXR0c1JST1ZWaExlVUo1QWxjSzc4dEhOYWRwYzVlQWg1clg1TVg0elAwbmVkVmozcDlVZWVuQ3ZjVFNLQ25ycS84KzFGSmhWdnVVcS8ya3h2aDlIWHRsTU1UdjIzc0M1WXJPTXlvOW5rN2txRXFTN2pleWFYSjdUN1VmdU9qd1RIY29lWHBQSFVILysvYWV1dDNoNlVSdXhOdng2VVR1TG1keEozSlg1VGoxbjdaOHhaMUlqMjhuMGxRaWhmcjMvRUU5clVlei9rNW1KN0lmK2R6dFJGNHltUzlJUDhsN2pubC9VdG1KVE9ycFJJSlcxcmlkeUo3QnlKM0l3ZGZ4K0hRaUIxOGZuOTRUNkM2cDNJbkV3M0orajArOUJKMm94cHpTejVGbHVoTTVVTUFsaFhFL0RvVzU2cU4vY2paVkZyUGJHa3hGczNrRG0vNk5WM0U0RFNCek15T2VKWDBOMXVORHRaT1pGNlRMandNd3BJaFhaVHFPYzZubVprRzQ1RUorTlppd1ZaVVE3c3cybkl3RGM4dlpWRXhHSFc5eU9sMG5OWXFERWtxRy9zMytScjFOM05wVUZpaytURjZhWUV5MWU2c095WDR1SzJIc1l6aU9zc08vbElwMDU0MEtPVncrNUtXeXNFREpTRnYyekN5cTY1NXVmRmIvVlFFZDllUDRaaTgzVDB5VSszVE44MUlCbWNjYUw0V1k2a2Z4ODFBYkt1MEdTOGVuNkJ1ckN0R2JJd2ZMZ2l3WHJ5WlNhTWJYa1ROODF4QXBxcUdVb3YwTUxZcG5jRFZtWjl4TXdoNmJSSkxUT1MycHRSenB0WTdObVRTZm94bzJzeVNrSjVMS2toQ0R0cUpjbUFKbWxrelJQZU5yM1VkSjNubDNtNVRSQ0hadmhiaUFXcTl4QWpwaDhFcVlBalNwYStGNGJQR0lhK0Z6YnZtNUxYeXVzTlZlYzJUcE82NFZuenBmMWRaeWZQVGNxcnRxSVMxOE5WY0V0bkRVZ1ZUQXRmQTFxaDhlNDAybWhTZDFMUnhwbFJiOVdQanFLc3pUd2hmN3BOVVd2aHBteG1QaHl4NXZDMTlGQWVsajRZdGY2OUtPODFKcDRUUFd0WGRnb1N6NVdQaWNmb2Zhd2lFd25lK3g4RVQ1V3ZoTEJZSzF0SmRDVE1uQzFjWVp0dkM1VkR5bGhjL1F5KzZ4OExsVlZkZVgwR25odU02OHRyOVlmdzViK0tvcWg5UENWL1ZEakJhK0dIVDJZK0ZKcG9VbmRTMThPVjFlQzhlbThha0RGejhkREZzNHhLQ3R5STVUd0xUd0ZOMHp2dGExOEx4elduaWljUzA4Z1ZxdmNRS0t4OU81UldDT2J6VytXQ0gvUWVZWHlmcU1vK2pGMTZ0YUdWRzNnczVRb2d5VXQ0U0s1U2pQanFZQ3ZGVitNV3V5a0twdm5qVjZsYjhNWENYNkUzWnFqUGw2eXdhczRhb3VWdkdLa25zdlpSaXNFT2ZhQ25LRkdUSEUyVVlhd0tXUGpEOHBwaXR2czVrb2U3NHg4ZGJVTzFnZmQwRTFUZzUrMzQ2cFNNRnVIZkdQb1lTS2FPN3JkRTNtSXlpYTB0YXNxRStBU1ZXRWthS0M4bU5tdWY0TmwwM3p1SVRFRzFrdlhHcy9pcm9RYTVlYzdFc0pkMy9HMjZlYjJpMlNVZjYzK1NJTWZyS3ErVEVkbE43eUozMHRxcHNvTzY5RWwxSGJwMW5VUFIyWlhCaERtUTV4dURLSWNOaGFJOVhwY2lwc2dGRHBKOFFGc3RZcndRZGZKVGMweHR4ZFJFakZZOTBUckNtNVpHRzFIY0Nmb3A5RW1KOEFlQk9MdXQweXk3NUR3Q3NJd0hUZ0RGYVNCR3RicDZFR3hsSnpJSmEwdW12S3ZkUy80K2Q4YlVUZndlenhLYmFBa3c4RjNZUHBoL3JnTjNhUGhRYUFIRG5Uamh5OXBZYlpQZVdPMXJBakJ1c0dJNndkZDQ4ZlpMSHVUREVENWlUUGlIdkhwc1pUcEFCK1dNZTlWVnZVVHBRVW5Ha0JkblhLb3pwYVdRTGJCUStDbUd4Y3JaK1J6cmg1NHFwVS93b0NqdmhFVlRTTlZ5b3Rsc0pOSGszTndONUxtdVoybjI3WkVsenhqemFTZDFOUFBSUHNKZE1hVGJYSkUzZklnbzU3eWRTM0xIVWtaMUZHeTM0ZERLZklOWk5jQ2xnMS9idXE0WE15VXlIZTlKdmY4dktaMzRMUHc4eHYwVlI1ajdzSVJRUlI4dUVsM0E2OHB4ZUIwOHE0OUJNOStYVzhxa3hSTk02eCs4Z1ZOOXAvVUlxL3o1cC8rTGwrTWM0d1dtR0h3K1lJUTVuaU4xeERaZG9nVU1PQVhSQlFYcEVPZ1hCNnRTdG44L08wK29DQTkxbmttT0tlK1lDd2pYbnJ1V29ETHg3aEhoVnF0cTBrMzMwZ0hJb3ByZzhiZXBJb3k4MHNDaVZNVG5hZWo2akJzV3J4M2J5ckE4S3BlZ1psMjh2SmR1L2hlcXY1WndkMFVyVkc3WGFubENjRThWTDdCaURlbjFMZXg4anBxczdabEpRdzhHRUtjUHp1UEd6R2g1cGJ3TGZvYVRCdDJZQkdHZGloNi9RaDcyemRhdXFzbmlPai9MSC9JU29SYkFFRjhWT1VwV0RCL2V1YU40Z2NmaVliTjd5Y1VpVUZaL1lacmdwbXdxQ3ljN3Y3dHJlZVNKR3QyODJNRHB6RFlTREoyWnV4RmRYM3lZMWd0OEdQdy9uVGp5MGMyb1czci9jN1VmRG1Vd0hvemh4VDF1cDNwMlpRb0xuc3pGK1hOQlhVZFY4elpNMS92eGNSUXRIOG5kbkx6c201bW1LS2k4S2ticFdPZWx6Z1poQTVJVXZQS3Yzd0Z2R3Awczg1ejF1VGJlTHhNUXU4dXVOSlU2MFFsM0NWRGwvZWVtc00veVprS21kbmxkN0thZ1FxcS9STHVrcS9WRmJwSUF2dDRsYnBiRGZxTGFVcUhSU0NVNmhLeDVFcWk3SktwemlVVFZVNmlOTGtvMW1sUS9KNmEvRjdxWFRnYzJMZUYrcmhkLy94cWRKUHFDN1BLdjA0U3o1VmVxSjhxL1NYQ2dScnJTK0ZtRktWZnJiTVUxWDZPWXJMV2FXZk00Vm9WdW10RkxjSVhrTG5MeEpLK3FkbW1ySUFxM1RjV3o3bUtoMElGUm5zSWRmb0V0WlYraVZkcFY4cXEzU3ZHN2RLNTZaNmM2bEs1M0hobXZ2TFl2aTFlUVU4dWFORlY1V2UxN3BWZXQ0NXEvUkU0MWJwQ2RSNmpRMG9xbGhsYythRk83Ni82U25YWkgrUXArcFhVU3lWWk8wd0dmM2draVZZc1dIVzJ0WjlhUEluUjFVT1RTNytNbWs4cG85cjF2a3AxMERxRVpoell6bzh1bUpwZFdhNE5CSjhGUHRNUlRyUVI4ak1iZTZsbllHSm1QT3pWYUZpNnk3N0k4RVovU1VCSGU2Wmc2d3VDaDJnUWJzUVZJQnVyYm05anZpSHNVcFVmcExTNzZoTW9oNHpveWhtMGFhZmJmMGNyM1ZlVkF5Mk80b09pdE44YmxGTGFkdEc2ZG11T0RtalJ3dERqUm1ySTdRMEMwVVhSM2dEZElaTmgwbzR4UVptZExaYVJwNEpOUUlRNURtV2M4TjVqYUcrci9EcnRRRVdjQ3pJdEx2SlZhMGNVN3BtSGV2M01jdkJEeFV5aXlIZ3QyUVlLaE9SZ20wVTI1OWZPZE9IUDFiSWtCUU03eDFhKzl5T1grdVp1NjgxNnNHMGp4bkxVWnBmM1hMemgwYmovcEsyOFV1ZlJPcm0xWnVTbjNhMFVWSHZibzE0azNNYWJWTzYyT05ULy96Nis5Zi9BUnUybGI0S1pXNWtjM1J5WldGdENtVnVaRzlpYWdvNUlEQWdiMkpxQ2p3OENpOUdhV3gwWlhJZ0wwWnNZWFJsUkdWamIyUmxDaTlNWlc1bmRHZ2dNVEFnTUNCU0NqNCtDbk4wY21WaGJRcDRuQXZrQWdBQXJnQmNDbVZ1WkhOMGNtVmhiUXBsYm1Sdlltb0tNVEFnTUNCdlltb0tNVEFLWlc1a2IySnFDakV4SURBZ2IySnFDanc4Q2k5R2FXeDBaWElnTDBac1lYUmxSR1ZqYjJSbENpOU1aVzVuZEdnZ01USWdNQ0JTQ2o0K0NuTjBjbVZoYlFwNG5DdmtNclRVc3pCUk1MTFFNekExVTlDRjBoQkJNd3M5Y3lNVFV6aWRuTXVsSDJHZzRKTFBGY2dGQUVjeEMzd0taVzVrYzNSeVpXRnRDbVZ1Wkc5aWFnb3hNaUF3SUc5aWFnbzBPQXBsYm1Sdlltb0tPQ0F3SUc5aWFnbzhQQW92VEdWdVozUm9JRElLUGo0S2MzUnlaV0Z0Q25FS0NtVnVaSE4wY21WaGJRcGxibVJ2WW1vS05TQXdJRzlpYWdvOFBBb3ZSbWxzZEdWeUlDOUdiR0YwWlVSbFkyOWtaUW92VEdWdVozUm9JRGdLUGo0S2MzUnlaV0Z0Q25pY0F3QUFBQUFCQ21WdVpITjBjbVZoYlFwbGJtUnZZbW9LTkNBd0lHOWlhZ284UEFvdlZIbHdaU0F2VUdGblpRb3ZUV1ZrYVdGQ2IzZ2dXekFnTUNBMU9UVXVNaUE0TkRFdU5qaGRDaTlTWlhOdmRYSmpaWE1nUER3S0wxaFBZbXBsWTNRZ1BEd0tMMWd3SURZZ01DQlNDajQrQ2o0K0NpOURiMjUwWlc1MGN5QmJPQ0F3SUZJZ05TQXdJRklnT1NBd0lGSWdNVEVnTUNCU1hRb3ZVR0Z5Wlc1MElESWdNQ0JTQ2o0K0NtVnVaRzlpYWdveE15QXdJRzlpYWdvOFBBb3ZWSGx3WlNBdlRXVjBZV1JoZEdFS0wxTjFZblI1Y0dVZ0wxaE5UQW92VEdWdVozUm9JREU1TnprS1BqNEtjM1J5WldGdENqdy9lSEJoWTJ0bGRDQmlaV2RwYmowbjc3dS9KeUJwWkQwblZ6Vk5NRTF3UTJWb2FVaDZjbVZUZWs1VVkzcHJZemxrSno4K0NqeDRPbmh0Y0cxbGRHRWdlRzFzYm5NNmVEMGlZV1J2WW1VNmJuTTZiV1YwWVM4aUlIZzZlRzF3ZEdzOUlqTXRTR1ZwWjJoMGN5aFVUU2tnV0UxUUlFeHBZbkpoY25rZ05DNDFMakkwTGpJZ0tHaDBkSEE2THk5M2QzY3VjR1JtTFhSdmIyeHpMbU52YlNraVBnb2dJRHh5WkdZNlVrUkdJSGh0Ykc1ek9uSmtaajBpYUhSMGNEb3ZMM2QzZHk1M015NXZjbWN2TVRrNU9TOHdNaTh5TWkxeVpHWXRjM2x1ZEdGNExXNXpJeUkrQ2lBZ0lDQThjbVJtT2tSbGMyTnlhWEIwYVc5dUlIaHRiRzV6T25odGNEMGlhSFIwY0RvdkwyNXpMbUZrYjJKbExtTnZiUzk0WVhBdk1TNHdMeUlnY21SbU9tRmliM1YwUFNJaVBnb2dJQ0FnSUNBOGVHMXdPa055WldGMFpVUmhkR1UrTWpBeE5TMHdPQzB5TkZReE16bzFPRG95Tmlzd01qb3dNRHd2ZUcxd09rTnlaV0YwWlVSaGRHVStDaUFnSUNBZ0lEeDRiWEE2VFc5a2FXWjVSR0YwWlQ0eU1ERTFMVEE1TFRBNVZERTNPakE0T2pNMUt6QXlPakF3UEM5NGJYQTZUVzlrYVdaNVJHRjBaVDRLSUNBZ0lDQWdQSGh0Y0RwTlpYUmhaR0YwWVVSaGRHVStNakF4TlMwd09TMHdPVlF4Tnpvd09Eb3pOU3N3TWpvd01Ed3ZlRzF3T2sxbGRHRmtZWFJoUkdGMFpUNEtJQ0FnSUR3dmNtUm1Pa1JsYzJOeWFYQjBhVzl1UGdvZ0lDQWdQSEprWmpwRVpYTmpjbWx3ZEdsdmJpQjRiV3h1Y3pwd1pHWTlJbWgwZEhBNkx5OXVjeTVoWkc5aVpTNWpiMjB2Y0dSbUx6RXVNeThpSUhKa1pqcGhZbTkxZEQwaUlqNEtJQ0FnSUNBZ1BIQmtaanBRY205a2RXTmxjajR6TFVobGFXZG9kSE1vVkUwcElGQkVSaUIwYnlCUVJFWXRRU0JEYjI1MlpYSjBaWElnUVZCSklEUXVOUzR5TkM0eUlDaG9kSFJ3T2k4dmQzZDNMbkJrWmkxMGIyOXNjeTVqYjIwcFBDOXdaR1k2VUhKdlpIVmpaWEkrQ2lBZ0lDQWdJRHh3WkdZNlVFUkdWbVZ5YzJsdmJqNHhMamM4TDNCa1pqcFFSRVpXWlhKemFXOXVQZ29nSUNBZ1BDOXlaR1k2UkdWelkzSnBjSFJwYjI0K0NpQWdJQ0E4Y21SbU9rUmxjMk55YVhCMGFXOXVJSGh0Ykc1ek9uQmtabUZwWkQwaWFIUjBjRG92TDNkM2R5NWhhV2x0TG05eVp5OXdaR1poTDI1ekwybGtMeUlnY21SbU9tRmliM1YwUFNJaVBnb2dJQ0FnSUNBOGNHUm1ZV2xrT25CaGNuUStNand2Y0dSbVlXbGtPbkJoY25RK0NpQWdJQ0FnSUR4d1pHWmhhV1E2WTI5dVptOXliV0Z1WTJVK1Fqd3ZjR1JtWVdsa09tTnZibVp2Y20xaGJtTmxQZ29nSUNBZ1BDOXlaR1k2UkdWelkzSnBjSFJwYjI0K0NpQWdJQ0E4Y21SbU9rUmxjMk55YVhCMGFXOXVJSGh0Ykc1ek9tUmpQU0pvZEhSd09pOHZjSFZ5YkM1dmNtY3ZaR012Wld4bGJXVnVkSE12TVM0eEx5SWdjbVJtT21GaWIzVjBQU0lpUGdvZ0lDQWdJQ0E4WkdNNlptOXliV0YwUG1Gd2NHeHBZMkYwYVc5dUwzQmtaand2WkdNNlptOXliV0YwUGdvZ0lDQWdQQzl5WkdZNlJHVnpZM0pwY0hScGIyNCtDaUFnSUNBOGNtUm1Pa1JsYzJOeWFYQjBhVzl1SUhodGJHNXpPbmh0Y0UxTlBTSm9kSFJ3T2k4dmJuTXVZV1J2WW1VdVkyOXRMM2hoY0M4eExqQXZiVzB2SWlCNGJXeHVjenB6ZEVWMmREMGlhSFIwY0RvdkwyNXpMbUZrYjJKbExtTnZiUzk0WVhBdk1TNHdMM05VZVhCbEwxSmxjMjkxY21ObFJYWmxiblFqSWlCeVpHWTZZV0p2ZFhROUlpSStDaUFnSUNBZ0lEeDRiWEJOVFRwSmJuTjBZVzVqWlVsRVBuVnlianAxZFdsa09qSXpOelppTURoa0xXTTRabU10TkRSbE15MWhNREpsTFdReFpETmhaVFUyWW1NMk1qd3ZlRzF3VFUwNlNXNXpkR0Z1WTJWSlJENEtJQ0FnSUNBZ1BIaHRjRTFOT2tocGMzUnZjbmsrQ2lBZ0lDQWdJQ0FnUEhKa1pqcFRaWEUrQ2lBZ0lDQWdJQ0FnSUNBOGNtUm1PbXhwSUhKa1pqcHdZWEp6WlZSNWNHVTlJbEpsYzI5MWNtTmxJajRLSUNBZ0lDQWdJQ0FnSUNBZ1BITjBSWFowT21GamRHbHZiajVqYjI1MlpYSjBaV1E4TDNOMFJYWjBPbUZqZEdsdmJqNEtJQ0FnSUNBZ0lDQWdJQ0FnUEhOMFJYWjBPbWx1YzNSaGJtTmxTVVErZFhKdU9uVjFhV1E2TWpNM05tSXdPR1F0WXpobVl5MDBOR1V6TFdFd01tVXRaREZrTTJGbE5UWmlZell5UEM5emRFVjJkRHBwYm5OMFlXNWpaVWxFUGdvZ0lDQWdJQ0FnSUNBZ0lDQThjM1JGZG5RNmNHRnlZVzFsZEdWeWN6NURiMjUyWlhKMFpXUWdkRzhnVUVSR0wwRXRNbUk4TDNOMFJYWjBPbkJoY21GdFpYUmxjbk0rQ2lBZ0lDQWdJQ0FnSUNBZ0lEeHpkRVYyZERwemIyWjBkMkZ5WlVGblpXNTBQak10U0dWcFoyaDBjeWhVVFNrZ1VFUkdJSFJ2SUZCRVJpMUJJRU52Ym5abGNuUmxjaUJCVUVrZ05DNDFMakkwTGpJZ0tHaDBkSEE2THk5M2QzY3VjR1JtTFhSdmIyeHpMbU52YlNrOEwzTjBSWFowT25OdlpuUjNZWEpsUVdkbGJuUStDaUFnSUNBZ0lDQWdJQ0FnSUR4emRFVjJkRHAzYUdWdVBqSXdNVFV0TURrdE1EbFVNVGM2TURnNk16VXJNREk2TURBOEwzTjBSWFowT25kb1pXNCtDaUFnSUNBZ0lDQWdJQ0E4TDNKa1pqcHNhVDRLSUNBZ0lDQWdJQ0E4TDNKa1pqcFRaWEUrQ2lBZ0lDQWdJRHd2ZUcxd1RVMDZTR2x6ZEc5eWVUNEtJQ0FnSUR3dmNtUm1Pa1JsYzJOeWFYQjBhVzl1UGdvZ0lEd3ZjbVJtT2xKRVJqNEtQQzk0T25odGNHMWxkR0UrQ2p3L2VIQmhZMnRsZENCbGJtUTlKM2NuUHo0S0NtVnVaSE4wY21WaGJRcGxibVJ2WW1vS01pQXdJRzlpYWdvOFBBb3ZWSGx3WlNBdlVHRm5aWE1LTDB0cFpITWdXelFnTUNCU1hRb3ZRMjkxYm5RZ01RbytQZ3BsYm1Sdlltb0tNU0F3SUc5aWFnbzhQQW92Vkhsd1pTQXZRMkYwWVd4dlp3b3ZVR0ZuWlhNZ01pQXdJRklLTDAxbGRHRmtZWFJoSURFeklEQWdVZ28rUGdwbGJtUnZZbW9LTXlBd0lHOWlhZ284UEFvdlRXOWtSR0YwWlNBb1JEb3lNREUxTURrd09URTNNRGd6TlNzd01pY3dNQ2NwQ2k5UWNtOWtkV05sY2lBb015MUlaV2xuYUhSelhDaFVUVndwSUZCRVJpQjBieUJRUkVZdFFTQkRiMjUyWlhKMFpYSWdRVkJKSURRdU5TNHlOQzR5SUZ3b2FIUjBjRG92TDNkM2R5NXdaR1l0ZEc5dmJITXVZMjl0WENrcENpOURjbVZoZEdsdmJrUmhkR1VnS0VRNk1qQXhOVEE0TWpReE16VTRNallyTURJbk1EQW5LUW8rUGdwbGJtUnZZbW9LZUhKbFpnb3dJREUwQ2pBd01EQXdNREF3TURBZ05qVTFNelVnWmcwS01EQXdNREF3TnpJd01DQXdNREF3TUNCdURRb3dNREF3TURBM01UUXpJREF3TURBd0lHNE5DakF3TURBd01EY3lOallnTURBd01EQWdiZzBLTURBd01EQXdORGt5TmlBd01EQXdNQ0J1RFFvd01EQXdNREEwT0RRNElEQXdNREF3SUc0TkNqQXdNREF3TURBd09EY2dNREF3TURBZ2JnMEtNREF3TURBd01EQXhOU0F3TURBd01DQnVEUW93TURBd01EQTBOemszSURBd01EQXdJRzROQ2pBd01EQXdNRFExTlRBZ01EQXdNREFnYmcwS01EQXdNREF3TkRZek5TQXdNREF3TUNCdURRb3dNREF3TURBME5qVTBJREF3TURBd0lHNE5DakF3TURBd01EUTNOemdnTURBd01EQWdiZzBLTURBd01EQXdOVEE0TVNBd01EQXdNQ0J1RFFwMGNtRnBiR1Z5Q2p3OENpOVRhWHBsSURFMENpOVNiMjkwSURFZ01DQlNDaTlKYm1adklETWdNQ0JTQ2k5SlJDQmJQRVJCTWprMlJETkZOakpGTURrMk1USXpORUpHTXpsQk5qTkdPRGsxUlVZeFBpQThOa1F3UlVVek5rTXlPRUV4TVVVeU1ERkVRMEpETWpBek0wWTBNVEEzT0RRK1hRbytQZ3B6ZEdGeWRIaHlaV1lLTnpRMU5Rb2xKVVZQUmdvPTwvU2lnbmVyc0RvY3VtZW50PjwvU2lnbmVkT2JqZWN0PjwvU0RPPjwvU0RPTGlzdD4=
			</sdo>
		</reportEventRequest>
	</env:Body>
</env:Envelope>